  [1m[36m (37.0ms)[0m  [1mCREATE TABLE "schema_migrations" ("version" varchar NOT NULL) [0m
  [1m[35m (1.0ms)[0m  select sqlite_version(*)
  [1m[36m (25.0ms)[0m  [1mCREATE UNIQUE INDEX "unique_schema_migrations" ON "schema_migrations" ("version")[0m
  [1m[35mActiveRecord::SchemaMigration Load (3.0ms)[0m  SELECT "schema_migrations".* FROM "schema_migrations"
Migrating to CreateCabdrivers (20150820190053)
  [1m[36m (1.0ms)[0m  [1mbegin transaction[0m
DEPRECATION WARNING: `#timestamp` was called without specifying an option for `null`. In Rails 5, this behavior will change to `null: false`. You should manually specify `null: true` to prevent the behavior of your existing migrations from changing. (called from block in change at C:/Users/xalexbaf/cabdrivers/cabdrivers/db/migrate/20150820190053_create_cabdrivers.rb:7)
  [1m[35m (4.0ms)[0m  CREATE TABLE "cabdrivers" ("id" INTEGER PRIMARY KEY AUTOINCREMENT NOT NULL, "name" varchar, "cell" varchar, "created_at" datetime, "updated_at" datetime) 
  [1m[36mSQL (0.0ms)[0m  [1mINSERT INTO "schema_migrations" ("version") VALUES (?)[0m  [["version", "20150820190053"]]
  [1m[35m (42.0ms)[0m  commit transaction
Migrating to AddRelationshipToCabdriver (20150821212153)
  [1m[36m (0.0ms)[0m  [1mbegin transaction[0m
  [1m[35m (5.0ms)[0m  ALTER TABLE "cabdrivers" ADD "state" varchar
  [1m[36mSQL (1.0ms)[0m  [1mINSERT INTO "schema_migrations" ("version") VALUES (?)[0m  [["version", "20150821212153"]]
  [1m[35m (16.0ms)[0m  commit transaction
  [1m[36mActiveRecord::SchemaMigration Load (1.0ms)[0m  [1mSELECT "schema_migrations".* FROM "schema_migrations"[0m
  [1m[36mActiveRecord::SchemaMigration Load (0.0ms)[0m  [1mSELECT "schema_migrations".* FROM "schema_migrations"[0m
  [1m[35m (0.0ms)[0m  begin transaction
  [1m[36mSQL (0.0ms)[0m  [1mINSERT INTO "cabdrivers" ("name", "cell", "state", "created_at", "updated_at") VALUES (?, ?, ?, ?, ?)[0m  [["name", "Jair Guambita"], ["cell", "3133567878"], ["state", "libre"], ["created_at", "2015-08-21 15:05:23.275478"], ["updated_at", "2015-08-21 15:05:23.275478"]]
  [1m[35m (15.7ms)[0m  commit transaction
  [1m[36m (0.0ms)[0m  [1mbegin transaction[0m
  [1m[35mSQL (0.0ms)[0m  INSERT INTO "cabdrivers" ("name", "cell", "state", "created_at", "updated_at") VALUES (?, ?, ?, ?, ?)  [["name", "David Perez"], ["cell", "3198786907"], ["state", "libre"], ["created_at", "2015-08-21 15:05:23.306757"], ["updated_at", "2015-08-21 15:05:23.306757"]]
  [1m[36m (15.6ms)[0m  [1mcommit transaction[0m
  [1m[35m (0.0ms)[0m  begin transaction
  [1m[36mSQL (0.0ms)[0m  [1mINSERT INTO "cabdrivers" ("name", "cell", "state", "created_at", "updated_at") VALUES (?, ?, ?, ?, ?)[0m  [["name", "Jose Gamez"], ["cell", "3123456787"], ["state", "ocupado"], ["created_at", "2015-08-21 15:05:23.337852"], ["updated_at", "2015-08-21 15:05:23.337852"]]
  [1m[35m (15.6ms)[0m  commit transaction
  [1m[36m (0.0ms)[0m  [1mbegin transaction[0m
  [1m[35mSQL (0.0ms)[0m  INSERT INTO "cabdrivers" ("name", "cell", "state", "created_at", "updated_at") VALUES (?, ?, ?, ?, ?)  [["name", "Juan Piña"], ["cell", "3133456798"], ["state", "libre"], ["created_at", "2015-08-21 15:05:23.353471"], ["updated_at", "2015-08-21 15:05:23.353471"]]
  [1m[36m (31.2ms)[0m  [1mcommit transaction[0m
  [1m[35m (0.0ms)[0m  begin transaction
  [1m[36mSQL (0.0ms)[0m  [1mINSERT INTO "cabdrivers" ("name", "cell", "state", "created_at", "updated_at") VALUES (?, ?, ?, ?, ?)[0m  [["name", "Jonh Lima"], ["cell", "3113214587"], ["state", "libre"], ["created_at", "2015-08-21 15:05:23.384652"], ["updated_at", "2015-08-21 15:05:23.384652"]]
  [1m[35m (31.3ms)[0m  commit transaction
  [1m[36m (0.0ms)[0m  [1mbegin transaction[0m
  [1m[35mSQL (0.0ms)[0m  INSERT INTO "cabdrivers" ("name", "cell", "state", "created_at", "updated_at") VALUES (?, ?, ?, ?, ?)  [["name", "Javier Perez"], ["cell", "3149874563"], ["state", "libre"], ["created_at", "2015-08-21 15:05:23.415947"], ["updated_at", "2015-08-21 15:05:23.415947"]]
  [1m[36m (15.7ms)[0m  [1mcommit transaction[0m
  [1m[35m (0.0ms)[0m  begin transaction
  [1m[36mSQL (0.0ms)[0m  [1mINSERT INTO "cabdrivers" ("name", "cell", "state", "created_at", "updated_at") VALUES (?, ?, ?, ?, ?)[0m  [["name", "Yehultzda Garrido"], ["cell", "3190987645"], ["state", "libre"], ["created_at", "2015-08-21 15:05:23.447150"], ["updated_at", "2015-08-21 15:05:23.447150"]]
  [1m[35m (15.7ms)[0m  commit transaction
  [1m[36m (0.0ms)[0m  [1mbegin transaction[0m
  [1m[35mSQL (0.0ms)[0m  INSERT INTO "cabdrivers" ("name", "cell", "state", "created_at", "updated_at") VALUES (?, ?, ?, ?, ?)  [["name", "Patricio Najera"], ["cell", "3179869877"], ["state", "ocupado"], ["created_at", "2015-08-21 15:05:23.478348"], ["updated_at", "2015-08-21 15:05:23.478348"]]
  [1m[36m (31.1ms)[0m  [1mcommit transaction[0m
  [1m[35m (0.0ms)[0m  begin transaction
  [1m[36mSQL (0.0ms)[0m  [1mINSERT INTO "cabdrivers" ("name", "cell", "state", "created_at", "updated_at") VALUES (?, ?, ?, ?, ?)[0m  [["name", "Santiago Paz"], ["cell", "3172345698"], ["state", "libre"], ["created_at", "2015-08-21 15:05:23.509453"], ["updated_at", "2015-08-21 15:05:23.509453"]]
  [1m[35m (15.7ms)[0m  commit transaction
  [1m[36m (0.0ms)[0m  [1mbegin transaction[0m
  [1m[35mSQL (0.0ms)[0m  INSERT INTO "cabdrivers" ("name", "cell", "state", "created_at", "updated_at") VALUES (?, ?, ?, ?, ?)  [["name", "Pedro Perez"], ["cell", "3114569876"], ["state", "libre"], ["created_at", "2015-08-21 15:05:23.540751"], ["updated_at", "2015-08-21 15:05:23.540751"]]
  [1m[36m (33.1ms)[0m  [1mcommit transaction[0m
  [1m[35m (0.0ms)[0m  begin transaction
  [1m[36mSQL (0.0ms)[0m  [1mINSERT INTO "cabdrivers" ("name", "cell", "state", "created_at", "updated_at") VALUES (?, ?, ?, ?, ?)[0m  [["name", "Emilio Guerra"], ["cell", "3117899456"], ["state", "ocupado"], ["created_at", "2015-08-21 15:05:23.575848"], ["updated_at", "2015-08-21 15:05:23.575848"]]
  [1m[35m (15.6ms)[0m  commit transaction
  [1m[36m (0.0ms)[0m  [1mbegin transaction[0m
  [1m[35mSQL (0.0ms)[0m  INSERT INTO "cabdrivers" ("name", "cell", "state", "created_at", "updated_at") VALUES (?, ?, ?, ?, ?)  [["name", "Blanca Gomez"], ["cell", "3112346798"], ["state", "libre"], ["created_at", "2015-08-21 15:05:23.607076"], ["updated_at", "2015-08-21 15:05:23.607076"]]
  [1m[36m (15.6ms)[0m  [1mcommit transaction[0m


Started GET "/api/v1/cabdrivers" for ::1 at 2015-08-21 10:07:47 -0500
  [1m[36mActiveRecord::SchemaMigration Load (1.0ms)[0m  [1mSELECT "schema_migrations".* FROM "schema_migrations"[0m
Processing by API::V1::CabdriversController#index as JSON
  [1m[35m (1.0ms)[0m  SELECT  MAX("cabdrivers"."updated_at") FROM "cabdrivers" LIMIT 25 OFFSET 0
  Couldn't find template for digesting: cabdrivers/index
  [1m[36mCabdriver Load (1.0ms)[0m  [1mSELECT  "cabdrivers".* FROM "cabdrivers" LIMIT 25 OFFSET 0[0m
  [1m[35mCACHE (0.0ms)[0m  SELECT  "cabdrivers".* FROM "cabdrivers" LIMIT 25 OFFSET 0
Completed 200 OK in 107ms (Views: 15.0ms | ActiveRecord: 5.0ms)


Started GET "/api/v1/cabdrivers" for ::1 at 2015-08-21 10:11:10 -0500
Processing by API::V1::CabdriversController#index as JSON
  Rendered public/404.html (8.0ms)
Completed 404 Not Found in 72ms (Views: 59.0ms | ActiveRecord: 0.0ms)


Started GET "/api/v1/contacts" for ::1 at 2015-08-21 10:11:32 -0500

ActionController::RoutingError (No route matches [GET] "/api/v1/contacts"):
  actionpack (4.2.0) lib/action_dispatch/middleware/debug_exceptions.rb:21:in `call'
  actionpack (4.2.0) lib/action_dispatch/middleware/show_exceptions.rb:30:in `call'
  railties (4.2.0) lib/rails/rack/logger.rb:38:in `call_app'
  railties (4.2.0) lib/rails/rack/logger.rb:20:in `block in call'
  activesupport (4.2.0) lib/active_support/tagged_logging.rb:68:in `block in tagged'
  activesupport (4.2.0) lib/active_support/tagged_logging.rb:26:in `tagged'
  activesupport (4.2.0) lib/active_support/tagged_logging.rb:68:in `tagged'
  railties (4.2.0) lib/rails/rack/logger.rb:20:in `call'
  actionpack (4.2.0) lib/action_dispatch/middleware/request_id.rb:21:in `call'
  rack (1.6.0) lib/rack/runtime.rb:18:in `call'
  activesupport (4.2.0) lib/active_support/cache/strategy/local_cache_middleware.rb:28:in `call'
  rack (1.6.0) lib/rack/lock.rb:17:in `call'
  actionpack (4.2.0) lib/action_dispatch/middleware/static.rb:113:in `call'
  railties (4.2.0) lib/rails/engine.rb:518:in `call'
  railties (4.2.0) lib/rails/application.rb:164:in `call'
  rack (1.6.0) lib/rack/lock.rb:17:in `call'
  rack (1.6.0) lib/rack/content_length.rb:15:in `call'
  rack (1.6.0) lib/rack/handler/webrick.rb:89:in `service'
  C:/RailsInstaller/Ruby2.0.0/lib/ruby/2.0.0/webrick/httpserver.rb:138:in `service'
  C:/RailsInstaller/Ruby2.0.0/lib/ruby/2.0.0/webrick/httpserver.rb:94:in `run'
  C:/RailsInstaller/Ruby2.0.0/lib/ruby/2.0.0/webrick/server.rb:295:in `block in start_thread'


  Rendered C:/RailsInstaller/Ruby2.0.0/lib/ruby/gems/2.0.0/gems/actionpack-4.2.0/lib/action_dispatch/middleware/templates/rescues/_trace.html.erb (6.0ms)
  Rendered C:/RailsInstaller/Ruby2.0.0/lib/ruby/gems/2.0.0/gems/actionpack-4.2.0/lib/action_dispatch/middleware/templates/routes/_route.html.erb (3.0ms)
  Rendered C:/RailsInstaller/Ruby2.0.0/lib/ruby/gems/2.0.0/gems/actionpack-4.2.0/lib/action_dispatch/middleware/templates/routes/_table.html.erb (118.0ms)
  Rendered C:/RailsInstaller/Ruby2.0.0/lib/ruby/gems/2.0.0/gems/actionpack-4.2.0/lib/action_dispatch/middleware/templates/rescues/_request_and_response.html.erb (3.0ms)
  Rendered C:/RailsInstaller/Ruby2.0.0/lib/ruby/gems/2.0.0/gems/actionpack-4.2.0/lib/action_dispatch/middleware/templates/rescues/routing_error.html.erb within rescues/layout (259.0ms)


Started GET "/api/v1/cabdrivers" for ::1 at 2015-08-21 10:12:00 -0500
Processing by API::V1::CabdriversController#index as JSON
  Rendered html template (0.0ms)
Completed 404 Not Found in 29ms (Views: 16.0ms | ActiveRecord: 0.0ms)


Started GET "/api/v1/cabdrivers" for ::1 at 2015-08-21 10:12:11 -0500
Processing by API::V1::CabdriversController#index as JSON
  Rendered public/404.html (0.0ms)
Completed 404 Not Found in 35ms (Views: 22.0ms | ActiveRecord: 0.0ms)


Started GET "/api/v1/cabdrivers" for ::1 at 2015-08-21 10:12:25 -0500
Processing by API::V1::CabdriversController#index as JSON
  Rendered public/422.html (1.0ms)
Completed 404 Not Found in 36ms (Views: 23.0ms | ActiveRecord: 0.0ms)


Started GET "/api/v1/cabdrivers" for ::1 at 2015-08-21 10:21:24 -0500
Processing by API::V1::CabdriversController#index as JSON
  Rendered html template (0.0ms)
Completed 404 Not Found in 20ms (Views: 8.0ms | ActiveRecord: 0.0ms)


Started GET "/api/v1/contacts" for ::1 at 2015-08-21 10:21:29 -0500

ActionController::RoutingError (No route matches [GET] "/api/v1/contacts"):
  actionpack (4.2.0) lib/action_dispatch/middleware/debug_exceptions.rb:21:in `call'
  actionpack (4.2.0) lib/action_dispatch/middleware/show_exceptions.rb:30:in `call'
  railties (4.2.0) lib/rails/rack/logger.rb:38:in `call_app'
  railties (4.2.0) lib/rails/rack/logger.rb:20:in `block in call'
  activesupport (4.2.0) lib/active_support/tagged_logging.rb:68:in `block in tagged'
  activesupport (4.2.0) lib/active_support/tagged_logging.rb:26:in `tagged'
  activesupport (4.2.0) lib/active_support/tagged_logging.rb:68:in `tagged'
  railties (4.2.0) lib/rails/rack/logger.rb:20:in `call'
  actionpack (4.2.0) lib/action_dispatch/middleware/request_id.rb:21:in `call'
  rack (1.6.0) lib/rack/runtime.rb:18:in `call'
  activesupport (4.2.0) lib/active_support/cache/strategy/local_cache_middleware.rb:28:in `call'
  rack (1.6.0) lib/rack/lock.rb:17:in `call'
  actionpack (4.2.0) lib/action_dispatch/middleware/static.rb:113:in `call'
  railties (4.2.0) lib/rails/engine.rb:518:in `call'
  railties (4.2.0) lib/rails/application.rb:164:in `call'
  rack (1.6.0) lib/rack/lock.rb:17:in `call'
  rack (1.6.0) lib/rack/content_length.rb:15:in `call'
  rack (1.6.0) lib/rack/handler/webrick.rb:89:in `service'
  C:/RailsInstaller/Ruby2.0.0/lib/ruby/2.0.0/webrick/httpserver.rb:138:in `service'
  C:/RailsInstaller/Ruby2.0.0/lib/ruby/2.0.0/webrick/httpserver.rb:94:in `run'
  C:/RailsInstaller/Ruby2.0.0/lib/ruby/2.0.0/webrick/server.rb:295:in `block in start_thread'


  Rendered C:/RailsInstaller/Ruby2.0.0/lib/ruby/gems/2.0.0/gems/actionpack-4.2.0/lib/action_dispatch/middleware/templates/rescues/_trace.html.erb (5.0ms)
  Rendered C:/RailsInstaller/Ruby2.0.0/lib/ruby/gems/2.0.0/gems/actionpack-4.2.0/lib/action_dispatch/middleware/templates/routes/_route.html.erb (3.0ms)
  Rendered C:/RailsInstaller/Ruby2.0.0/lib/ruby/gems/2.0.0/gems/actionpack-4.2.0/lib/action_dispatch/middleware/templates/routes/_table.html.erb (4.0ms)
  Rendered C:/RailsInstaller/Ruby2.0.0/lib/ruby/gems/2.0.0/gems/actionpack-4.2.0/lib/action_dispatch/middleware/templates/rescues/_request_and_response.html.erb (82.0ms)
  Rendered C:/RailsInstaller/Ruby2.0.0/lib/ruby/gems/2.0.0/gems/actionpack-4.2.0/lib/action_dispatch/middleware/templates/rescues/routing_error.html.erb within rescues/layout (214.0ms)


Started GET "/api/v1/contacts" for ::1 at 2015-08-21 10:21:33 -0500

ActionController::RoutingError (No route matches [GET] "/api/v1/contacts"):
  actionpack (4.2.0) lib/action_dispatch/middleware/debug_exceptions.rb:21:in `call'
  actionpack (4.2.0) lib/action_dispatch/middleware/show_exceptions.rb:30:in `call'
  railties (4.2.0) lib/rails/rack/logger.rb:38:in `call_app'
  railties (4.2.0) lib/rails/rack/logger.rb:20:in `block in call'
  activesupport (4.2.0) lib/active_support/tagged_logging.rb:68:in `block in tagged'
  activesupport (4.2.0) lib/active_support/tagged_logging.rb:26:in `tagged'
  activesupport (4.2.0) lib/active_support/tagged_logging.rb:68:in `tagged'
  railties (4.2.0) lib/rails/rack/logger.rb:20:in `call'
  actionpack (4.2.0) lib/action_dispatch/middleware/request_id.rb:21:in `call'
  rack (1.6.0) lib/rack/runtime.rb:18:in `call'
  activesupport (4.2.0) lib/active_support/cache/strategy/local_cache_middleware.rb:28:in `call'
  rack (1.6.0) lib/rack/lock.rb:17:in `call'
  actionpack (4.2.0) lib/action_dispatch/middleware/static.rb:113:in `call'
  railties (4.2.0) lib/rails/engine.rb:518:in `call'
  railties (4.2.0) lib/rails/application.rb:164:in `call'
  rack (1.6.0) lib/rack/lock.rb:17:in `call'
  rack (1.6.0) lib/rack/content_length.rb:15:in `call'
  rack (1.6.0) lib/rack/handler/webrick.rb:89:in `service'
  C:/RailsInstaller/Ruby2.0.0/lib/ruby/2.0.0/webrick/httpserver.rb:138:in `service'
  C:/RailsInstaller/Ruby2.0.0/lib/ruby/2.0.0/webrick/httpserver.rb:94:in `run'
  C:/RailsInstaller/Ruby2.0.0/lib/ruby/2.0.0/webrick/server.rb:295:in `block in start_thread'


  Rendered C:/RailsInstaller/Ruby2.0.0/lib/ruby/gems/2.0.0/gems/actionpack-4.2.0/lib/action_dispatch/middleware/templates/rescues/_trace.html.erb (5.0ms)
  Rendered C:/RailsInstaller/Ruby2.0.0/lib/ruby/gems/2.0.0/gems/actionpack-4.2.0/lib/action_dispatch/middleware/templates/routes/_route.html.erb (3.0ms)
  Rendered C:/RailsInstaller/Ruby2.0.0/lib/ruby/gems/2.0.0/gems/actionpack-4.2.0/lib/action_dispatch/middleware/templates/routes/_table.html.erb (5.0ms)
  Rendered C:/RailsInstaller/Ruby2.0.0/lib/ruby/gems/2.0.0/gems/actionpack-4.2.0/lib/action_dispatch/middleware/templates/rescues/_request_and_response.html.erb (3.0ms)
  Rendered C:/RailsInstaller/Ruby2.0.0/lib/ruby/gems/2.0.0/gems/actionpack-4.2.0/lib/action_dispatch/middleware/templates/rescues/routing_error.html.erb within rescues/layout (133.0ms)


Started GET "/api/v1/contacts" for ::1 at 2015-08-21 10:21:43 -0500

ActionController::RoutingError (No route matches [GET] "/api/v1/contacts"):
  actionpack (4.2.0) lib/action_dispatch/middleware/debug_exceptions.rb:21:in `call'
  actionpack (4.2.0) lib/action_dispatch/middleware/show_exceptions.rb:30:in `call'
  railties (4.2.0) lib/rails/rack/logger.rb:38:in `call_app'
  railties (4.2.0) lib/rails/rack/logger.rb:20:in `block in call'
  activesupport (4.2.0) lib/active_support/tagged_logging.rb:68:in `block in tagged'
  activesupport (4.2.0) lib/active_support/tagged_logging.rb:26:in `tagged'
  activesupport (4.2.0) lib/active_support/tagged_logging.rb:68:in `tagged'
  railties (4.2.0) lib/rails/rack/logger.rb:20:in `call'
  actionpack (4.2.0) lib/action_dispatch/middleware/request_id.rb:21:in `call'
  rack (1.6.0) lib/rack/runtime.rb:18:in `call'
  activesupport (4.2.0) lib/active_support/cache/strategy/local_cache_middleware.rb:28:in `call'
  rack (1.6.0) lib/rack/lock.rb:17:in `call'
  actionpack (4.2.0) lib/action_dispatch/middleware/static.rb:113:in `call'
  railties (4.2.0) lib/rails/engine.rb:518:in `call'
  railties (4.2.0) lib/rails/application.rb:164:in `call'
  rack (1.6.0) lib/rack/lock.rb:17:in `call'
  rack (1.6.0) lib/rack/content_length.rb:15:in `call'
  rack (1.6.0) lib/rack/handler/webrick.rb:89:in `service'
  C:/RailsInstaller/Ruby2.0.0/lib/ruby/2.0.0/webrick/httpserver.rb:138:in `service'
  C:/RailsInstaller/Ruby2.0.0/lib/ruby/2.0.0/webrick/httpserver.rb:94:in `run'
  C:/RailsInstaller/Ruby2.0.0/lib/ruby/2.0.0/webrick/server.rb:295:in `block in start_thread'


  Rendered C:/RailsInstaller/Ruby2.0.0/lib/ruby/gems/2.0.0/gems/actionpack-4.2.0/lib/action_dispatch/middleware/templates/rescues/_trace.html.erb (5.0ms)
  Rendered C:/RailsInstaller/Ruby2.0.0/lib/ruby/gems/2.0.0/gems/actionpack-4.2.0/lib/action_dispatch/middleware/templates/routes/_route.html.erb (3.0ms)
  Rendered C:/RailsInstaller/Ruby2.0.0/lib/ruby/gems/2.0.0/gems/actionpack-4.2.0/lib/action_dispatch/middleware/templates/routes/_table.html.erb (4.0ms)
  Rendered C:/RailsInstaller/Ruby2.0.0/lib/ruby/gems/2.0.0/gems/actionpack-4.2.0/lib/action_dispatch/middleware/templates/rescues/_request_and_response.html.erb (3.0ms)
  Rendered C:/RailsInstaller/Ruby2.0.0/lib/ruby/gems/2.0.0/gems/actionpack-4.2.0/lib/action_dispatch/middleware/templates/rescues/routing_error.html.erb within rescues/layout (216.1ms)


Started GET "/api/v1/contacts" for ::1 at 2015-08-21 10:22:02 -0500

ActionController::RoutingError (No route matches [GET] "/api/v1/contacts"):
  actionpack (4.2.0) lib/action_dispatch/middleware/debug_exceptions.rb:21:in `call'
  actionpack (4.2.0) lib/action_dispatch/middleware/show_exceptions.rb:30:in `call'
  railties (4.2.0) lib/rails/rack/logger.rb:38:in `call_app'
  railties (4.2.0) lib/rails/rack/logger.rb:20:in `block in call'
  activesupport (4.2.0) lib/active_support/tagged_logging.rb:68:in `block in tagged'
  activesupport (4.2.0) lib/active_support/tagged_logging.rb:26:in `tagged'
  activesupport (4.2.0) lib/active_support/tagged_logging.rb:68:in `tagged'
  railties (4.2.0) lib/rails/rack/logger.rb:20:in `call'
  actionpack (4.2.0) lib/action_dispatch/middleware/request_id.rb:21:in `call'
  rack (1.6.0) lib/rack/runtime.rb:18:in `call'
  activesupport (4.2.0) lib/active_support/cache/strategy/local_cache_middleware.rb:28:in `call'
  rack (1.6.0) lib/rack/lock.rb:17:in `call'
  actionpack (4.2.0) lib/action_dispatch/middleware/static.rb:113:in `call'
  railties (4.2.0) lib/rails/engine.rb:518:in `call'
  railties (4.2.0) lib/rails/application.rb:164:in `call'
  rack (1.6.0) lib/rack/lock.rb:17:in `call'
  rack (1.6.0) lib/rack/content_length.rb:15:in `call'
  rack (1.6.0) lib/rack/handler/webrick.rb:89:in `service'
  C:/RailsInstaller/Ruby2.0.0/lib/ruby/2.0.0/webrick/httpserver.rb:138:in `service'
  C:/RailsInstaller/Ruby2.0.0/lib/ruby/2.0.0/webrick/httpserver.rb:94:in `run'
  C:/RailsInstaller/Ruby2.0.0/lib/ruby/2.0.0/webrick/server.rb:295:in `block in start_thread'


  Rendered C:/RailsInstaller/Ruby2.0.0/lib/ruby/gems/2.0.0/gems/actionpack-4.2.0/lib/action_dispatch/middleware/templates/rescues/_trace.html.erb (5.0ms)
  Rendered C:/RailsInstaller/Ruby2.0.0/lib/ruby/gems/2.0.0/gems/actionpack-4.2.0/lib/action_dispatch/middleware/templates/routes/_route.html.erb (3.0ms)
  Rendered C:/RailsInstaller/Ruby2.0.0/lib/ruby/gems/2.0.0/gems/actionpack-4.2.0/lib/action_dispatch/middleware/templates/routes/_table.html.erb (3.0ms)
  Rendered C:/RailsInstaller/Ruby2.0.0/lib/ruby/gems/2.0.0/gems/actionpack-4.2.0/lib/action_dispatch/middleware/templates/rescues/_request_and_response.html.erb (3.0ms)
  Rendered C:/RailsInstaller/Ruby2.0.0/lib/ruby/gems/2.0.0/gems/actionpack-4.2.0/lib/action_dispatch/middleware/templates/rescues/routing_error.html.erb within rescues/layout (133.0ms)


Started GET "/api/v1/contacts" for ::1 at 2015-08-21 10:22:06 -0500

ActionController::RoutingError (No route matches [GET] "/api/v1/contacts"):
  actionpack (4.2.0) lib/action_dispatch/middleware/debug_exceptions.rb:21:in `call'
  actionpack (4.2.0) lib/action_dispatch/middleware/show_exceptions.rb:30:in `call'
  railties (4.2.0) lib/rails/rack/logger.rb:38:in `call_app'
  railties (4.2.0) lib/rails/rack/logger.rb:20:in `block in call'
  activesupport (4.2.0) lib/active_support/tagged_logging.rb:68:in `block in tagged'
  activesupport (4.2.0) lib/active_support/tagged_logging.rb:26:in `tagged'
  activesupport (4.2.0) lib/active_support/tagged_logging.rb:68:in `tagged'
  railties (4.2.0) lib/rails/rack/logger.rb:20:in `call'
  actionpack (4.2.0) lib/action_dispatch/middleware/request_id.rb:21:in `call'
  rack (1.6.0) lib/rack/runtime.rb:18:in `call'
  activesupport (4.2.0) lib/active_support/cache/strategy/local_cache_middleware.rb:28:in `call'
  rack (1.6.0) lib/rack/lock.rb:17:in `call'
  actionpack (4.2.0) lib/action_dispatch/middleware/static.rb:113:in `call'
  railties (4.2.0) lib/rails/engine.rb:518:in `call'
  railties (4.2.0) lib/rails/application.rb:164:in `call'
  rack (1.6.0) lib/rack/lock.rb:17:in `call'
  rack (1.6.0) lib/rack/content_length.rb:15:in `call'
  rack (1.6.0) lib/rack/handler/webrick.rb:89:in `service'
  C:/RailsInstaller/Ruby2.0.0/lib/ruby/2.0.0/webrick/httpserver.rb:138:in `service'
  C:/RailsInstaller/Ruby2.0.0/lib/ruby/2.0.0/webrick/httpserver.rb:94:in `run'
  C:/RailsInstaller/Ruby2.0.0/lib/ruby/2.0.0/webrick/server.rb:295:in `block in start_thread'


  Rendered C:/RailsInstaller/Ruby2.0.0/lib/ruby/gems/2.0.0/gems/actionpack-4.2.0/lib/action_dispatch/middleware/templates/rescues/_trace.html.erb (5.0ms)
  Rendered C:/RailsInstaller/Ruby2.0.0/lib/ruby/gems/2.0.0/gems/actionpack-4.2.0/lib/action_dispatch/middleware/templates/routes/_route.html.erb (3.0ms)
  Rendered C:/RailsInstaller/Ruby2.0.0/lib/ruby/gems/2.0.0/gems/actionpack-4.2.0/lib/action_dispatch/middleware/templates/routes/_table.html.erb (4.0ms)
  Rendered C:/RailsInstaller/Ruby2.0.0/lib/ruby/gems/2.0.0/gems/actionpack-4.2.0/lib/action_dispatch/middleware/templates/rescues/_request_and_response.html.erb (3.0ms)
  Rendered C:/RailsInstaller/Ruby2.0.0/lib/ruby/gems/2.0.0/gems/actionpack-4.2.0/lib/action_dispatch/middleware/templates/rescues/routing_error.html.erb within rescues/layout (136.0ms)


Started GET "/api/v1/cabdrivers" for ::1 at 2015-08-21 10:22:16 -0500
Processing by API::V1::CabdriversController#index as JSON
  Rendered html template (0.0ms)
Completed 404 Not Found in 19ms (Views: 7.0ms | ActiveRecord: 0.0ms)


Started GET "/api/v1/contacts" for ::1 at 2015-08-21 10:22:21 -0500

ActionController::RoutingError (No route matches [GET] "/api/v1/contacts"):
  actionpack (4.2.0) lib/action_dispatch/middleware/debug_exceptions.rb:21:in `call'
  actionpack (4.2.0) lib/action_dispatch/middleware/show_exceptions.rb:30:in `call'
  railties (4.2.0) lib/rails/rack/logger.rb:38:in `call_app'
  railties (4.2.0) lib/rails/rack/logger.rb:20:in `block in call'
  activesupport (4.2.0) lib/active_support/tagged_logging.rb:68:in `block in tagged'
  activesupport (4.2.0) lib/active_support/tagged_logging.rb:26:in `tagged'
  activesupport (4.2.0) lib/active_support/tagged_logging.rb:68:in `tagged'
  railties (4.2.0) lib/rails/rack/logger.rb:20:in `call'
  actionpack (4.2.0) lib/action_dispatch/middleware/request_id.rb:21:in `call'
  rack (1.6.0) lib/rack/runtime.rb:18:in `call'
  activesupport (4.2.0) lib/active_support/cache/strategy/local_cache_middleware.rb:28:in `call'
  rack (1.6.0) lib/rack/lock.rb:17:in `call'
  actionpack (4.2.0) lib/action_dispatch/middleware/static.rb:113:in `call'
  railties (4.2.0) lib/rails/engine.rb:518:in `call'
  railties (4.2.0) lib/rails/application.rb:164:in `call'
  rack (1.6.0) lib/rack/lock.rb:17:in `call'
  rack (1.6.0) lib/rack/content_length.rb:15:in `call'
  rack (1.6.0) lib/rack/handler/webrick.rb:89:in `service'
  C:/RailsInstaller/Ruby2.0.0/lib/ruby/2.0.0/webrick/httpserver.rb:138:in `service'
  C:/RailsInstaller/Ruby2.0.0/lib/ruby/2.0.0/webrick/httpserver.rb:94:in `run'
  C:/RailsInstaller/Ruby2.0.0/lib/ruby/2.0.0/webrick/server.rb:295:in `block in start_thread'


  Rendered C:/RailsInstaller/Ruby2.0.0/lib/ruby/gems/2.0.0/gems/actionpack-4.2.0/lib/action_dispatch/middleware/templates/rescues/_trace.html.erb (5.0ms)
  Rendered C:/RailsInstaller/Ruby2.0.0/lib/ruby/gems/2.0.0/gems/actionpack-4.2.0/lib/action_dispatch/middleware/templates/routes/_route.html.erb (3.0ms)
  Rendered C:/RailsInstaller/Ruby2.0.0/lib/ruby/gems/2.0.0/gems/actionpack-4.2.0/lib/action_dispatch/middleware/templates/routes/_table.html.erb (4.0ms)
  Rendered C:/RailsInstaller/Ruby2.0.0/lib/ruby/gems/2.0.0/gems/actionpack-4.2.0/lib/action_dispatch/middleware/templates/rescues/_request_and_response.html.erb (3.0ms)
  Rendered C:/RailsInstaller/Ruby2.0.0/lib/ruby/gems/2.0.0/gems/actionpack-4.2.0/lib/action_dispatch/middleware/templates/rescues/routing_error.html.erb within rescues/layout (135.0ms)


Started GET "/api/v1/cabdrivers" for ::1 at 2015-08-21 10:22:42 -0500
Processing by API::V1::CabdriversController#index as JSON
  Rendered public/404.html (1.0ms)
Completed 404 Not Found in 34ms (Views: 22.0ms | ActiveRecord: 0.0ms)


Started GET "/api/v1/contacts" for ::1 at 2015-08-21 10:22:51 -0500

ActionController::RoutingError (No route matches [GET] "/api/v1/contacts"):
  actionpack (4.2.0) lib/action_dispatch/middleware/debug_exceptions.rb:21:in `call'
  actionpack (4.2.0) lib/action_dispatch/middleware/show_exceptions.rb:30:in `call'
  railties (4.2.0) lib/rails/rack/logger.rb:38:in `call_app'
  railties (4.2.0) lib/rails/rack/logger.rb:20:in `block in call'
  activesupport (4.2.0) lib/active_support/tagged_logging.rb:68:in `block in tagged'
  activesupport (4.2.0) lib/active_support/tagged_logging.rb:26:in `tagged'
  activesupport (4.2.0) lib/active_support/tagged_logging.rb:68:in `tagged'
  railties (4.2.0) lib/rails/rack/logger.rb:20:in `call'
  actionpack (4.2.0) lib/action_dispatch/middleware/request_id.rb:21:in `call'
  rack (1.6.0) lib/rack/runtime.rb:18:in `call'
  activesupport (4.2.0) lib/active_support/cache/strategy/local_cache_middleware.rb:28:in `call'
  rack (1.6.0) lib/rack/lock.rb:17:in `call'
  actionpack (4.2.0) lib/action_dispatch/middleware/static.rb:113:in `call'
  railties (4.2.0) lib/rails/engine.rb:518:in `call'
  railties (4.2.0) lib/rails/application.rb:164:in `call'
  rack (1.6.0) lib/rack/lock.rb:17:in `call'
  rack (1.6.0) lib/rack/content_length.rb:15:in `call'
  rack (1.6.0) lib/rack/handler/webrick.rb:89:in `service'
  C:/RailsInstaller/Ruby2.0.0/lib/ruby/2.0.0/webrick/httpserver.rb:138:in `service'
  C:/RailsInstaller/Ruby2.0.0/lib/ruby/2.0.0/webrick/httpserver.rb:94:in `run'
  C:/RailsInstaller/Ruby2.0.0/lib/ruby/2.0.0/webrick/server.rb:295:in `block in start_thread'


  Rendered C:/RailsInstaller/Ruby2.0.0/lib/ruby/gems/2.0.0/gems/actionpack-4.2.0/lib/action_dispatch/middleware/templates/rescues/_trace.html.erb (5.0ms)
  Rendered C:/RailsInstaller/Ruby2.0.0/lib/ruby/gems/2.0.0/gems/actionpack-4.2.0/lib/action_dispatch/middleware/templates/routes/_route.html.erb (3.0ms)
  Rendered C:/RailsInstaller/Ruby2.0.0/lib/ruby/gems/2.0.0/gems/actionpack-4.2.0/lib/action_dispatch/middleware/templates/routes/_table.html.erb (84.0ms)
  Rendered C:/RailsInstaller/Ruby2.0.0/lib/ruby/gems/2.0.0/gems/actionpack-4.2.0/lib/action_dispatch/middleware/templates/rescues/_request_and_response.html.erb (3.0ms)
  Rendered C:/RailsInstaller/Ruby2.0.0/lib/ruby/gems/2.0.0/gems/actionpack-4.2.0/lib/action_dispatch/middleware/templates/rescues/routing_error.html.erb within rescues/layout (215.0ms)


Started GET "/api/v1/contacts" for ::1 at 2015-08-21 10:22:54 -0500

ActionController::RoutingError (No route matches [GET] "/api/v1/contacts"):
  actionpack (4.2.0) lib/action_dispatch/middleware/debug_exceptions.rb:21:in `call'
  actionpack (4.2.0) lib/action_dispatch/middleware/show_exceptions.rb:30:in `call'
  railties (4.2.0) lib/rails/rack/logger.rb:38:in `call_app'
  railties (4.2.0) lib/rails/rack/logger.rb:20:in `block in call'
  activesupport (4.2.0) lib/active_support/tagged_logging.rb:68:in `block in tagged'
  activesupport (4.2.0) lib/active_support/tagged_logging.rb:26:in `tagged'
  activesupport (4.2.0) lib/active_support/tagged_logging.rb:68:in `tagged'
  railties (4.2.0) lib/rails/rack/logger.rb:20:in `call'
  actionpack (4.2.0) lib/action_dispatch/middleware/request_id.rb:21:in `call'
  rack (1.6.0) lib/rack/runtime.rb:18:in `call'
  activesupport (4.2.0) lib/active_support/cache/strategy/local_cache_middleware.rb:28:in `call'
  rack (1.6.0) lib/rack/lock.rb:17:in `call'
  actionpack (4.2.0) lib/action_dispatch/middleware/static.rb:113:in `call'
  railties (4.2.0) lib/rails/engine.rb:518:in `call'
  railties (4.2.0) lib/rails/application.rb:164:in `call'
  rack (1.6.0) lib/rack/lock.rb:17:in `call'
  rack (1.6.0) lib/rack/content_length.rb:15:in `call'
  rack (1.6.0) lib/rack/handler/webrick.rb:89:in `service'
  C:/RailsInstaller/Ruby2.0.0/lib/ruby/2.0.0/webrick/httpserver.rb:138:in `service'
  C:/RailsInstaller/Ruby2.0.0/lib/ruby/2.0.0/webrick/httpserver.rb:94:in `run'
  C:/RailsInstaller/Ruby2.0.0/lib/ruby/2.0.0/webrick/server.rb:295:in `block in start_thread'


  Rendered C:/RailsInstaller/Ruby2.0.0/lib/ruby/gems/2.0.0/gems/actionpack-4.2.0/lib/action_dispatch/middleware/templates/rescues/_trace.html.erb (5.0ms)
  Rendered C:/RailsInstaller/Ruby2.0.0/lib/ruby/gems/2.0.0/gems/actionpack-4.2.0/lib/action_dispatch/middleware/templates/routes/_route.html.erb (4.0ms)
  Rendered C:/RailsInstaller/Ruby2.0.0/lib/ruby/gems/2.0.0/gems/actionpack-4.2.0/lib/action_dispatch/middleware/templates/routes/_table.html.erb (4.0ms)
  Rendered C:/RailsInstaller/Ruby2.0.0/lib/ruby/gems/2.0.0/gems/actionpack-4.2.0/lib/action_dispatch/middleware/templates/rescues/_request_and_response.html.erb (4.0ms)
  Rendered C:/RailsInstaller/Ruby2.0.0/lib/ruby/gems/2.0.0/gems/actionpack-4.2.0/lib/action_dispatch/middleware/templates/rescues/routing_error.html.erb within rescues/layout (140.0ms)


Started GET "/api/v1/cabdrivers" for ::1 at 2015-08-21 10:27:07 -0500
Processing by API::V1::CabdriversController#index as JSON
  [1m[36m (1.0ms)[0m  [1mSELECT  MAX("cabdrivers"."updated_at") FROM "cabdrivers" LIMIT 25 OFFSET 0[0m
  Couldn't find template for digesting: cabdrivers/index
  [1m[35mCabdriver Load (1.0ms)[0m  SELECT  "cabdrivers".* FROM "cabdrivers" LIMIT 25 OFFSET 0
  Rendered html template (1.0ms)
Completed 200 OK in 60ms (Views: 11.0ms | ActiveRecord: 4.0ms)


Started GET "/api/v1/contacts" for ::1 at 2015-08-21 10:27:13 -0500

ActionController::RoutingError (No route matches [GET] "/api/v1/contacts"):
  actionpack (4.2.0) lib/action_dispatch/middleware/debug_exceptions.rb:21:in `call'
  actionpack (4.2.0) lib/action_dispatch/middleware/show_exceptions.rb:30:in `call'
  railties (4.2.0) lib/rails/rack/logger.rb:38:in `call_app'
  railties (4.2.0) lib/rails/rack/logger.rb:20:in `block in call'
  activesupport (4.2.0) lib/active_support/tagged_logging.rb:68:in `block in tagged'
  activesupport (4.2.0) lib/active_support/tagged_logging.rb:26:in `tagged'
  activesupport (4.2.0) lib/active_support/tagged_logging.rb:68:in `tagged'
  railties (4.2.0) lib/rails/rack/logger.rb:20:in `call'
  actionpack (4.2.0) lib/action_dispatch/middleware/request_id.rb:21:in `call'
  rack (1.6.0) lib/rack/runtime.rb:18:in `call'
  activesupport (4.2.0) lib/active_support/cache/strategy/local_cache_middleware.rb:28:in `call'
  rack (1.6.0) lib/rack/lock.rb:17:in `call'
  actionpack (4.2.0) lib/action_dispatch/middleware/static.rb:113:in `call'
  railties (4.2.0) lib/rails/engine.rb:518:in `call'
  railties (4.2.0) lib/rails/application.rb:164:in `call'
  rack (1.6.0) lib/rack/lock.rb:17:in `call'
  rack (1.6.0) lib/rack/content_length.rb:15:in `call'
  rack (1.6.0) lib/rack/handler/webrick.rb:89:in `service'
  C:/RailsInstaller/Ruby2.0.0/lib/ruby/2.0.0/webrick/httpserver.rb:138:in `service'
  C:/RailsInstaller/Ruby2.0.0/lib/ruby/2.0.0/webrick/httpserver.rb:94:in `run'
  C:/RailsInstaller/Ruby2.0.0/lib/ruby/2.0.0/webrick/server.rb:295:in `block in start_thread'


  Rendered C:/RailsInstaller/Ruby2.0.0/lib/ruby/gems/2.0.0/gems/actionpack-4.2.0/lib/action_dispatch/middleware/templates/rescues/_trace.html.erb (5.0ms)
  Rendered C:/RailsInstaller/Ruby2.0.0/lib/ruby/gems/2.0.0/gems/actionpack-4.2.0/lib/action_dispatch/middleware/templates/routes/_route.html.erb (3.0ms)
  Rendered C:/RailsInstaller/Ruby2.0.0/lib/ruby/gems/2.0.0/gems/actionpack-4.2.0/lib/action_dispatch/middleware/templates/routes/_table.html.erb (4.0ms)
  Rendered C:/RailsInstaller/Ruby2.0.0/lib/ruby/gems/2.0.0/gems/actionpack-4.2.0/lib/action_dispatch/middleware/templates/rescues/_request_and_response.html.erb (3.0ms)
  Rendered C:/RailsInstaller/Ruby2.0.0/lib/ruby/gems/2.0.0/gems/actionpack-4.2.0/lib/action_dispatch/middleware/templates/rescues/routing_error.html.erb within rescues/layout (137.0ms)


Started GET "/api/v1/contacts" for ::1 at 2015-08-21 10:27:16 -0500

ActionController::RoutingError (No route matches [GET] "/api/v1/contacts"):
  actionpack (4.2.0) lib/action_dispatch/middleware/debug_exceptions.rb:21:in `call'
  actionpack (4.2.0) lib/action_dispatch/middleware/show_exceptions.rb:30:in `call'
  railties (4.2.0) lib/rails/rack/logger.rb:38:in `call_app'
  railties (4.2.0) lib/rails/rack/logger.rb:20:in `block in call'
  activesupport (4.2.0) lib/active_support/tagged_logging.rb:68:in `block in tagged'
  activesupport (4.2.0) lib/active_support/tagged_logging.rb:26:in `tagged'
  activesupport (4.2.0) lib/active_support/tagged_logging.rb:68:in `tagged'
  railties (4.2.0) lib/rails/rack/logger.rb:20:in `call'
  actionpack (4.2.0) lib/action_dispatch/middleware/request_id.rb:21:in `call'
  rack (1.6.0) lib/rack/runtime.rb:18:in `call'
  activesupport (4.2.0) lib/active_support/cache/strategy/local_cache_middleware.rb:28:in `call'
  rack (1.6.0) lib/rack/lock.rb:17:in `call'
  actionpack (4.2.0) lib/action_dispatch/middleware/static.rb:113:in `call'
  railties (4.2.0) lib/rails/engine.rb:518:in `call'
  railties (4.2.0) lib/rails/application.rb:164:in `call'
  rack (1.6.0) lib/rack/lock.rb:17:in `call'
  rack (1.6.0) lib/rack/content_length.rb:15:in `call'
  rack (1.6.0) lib/rack/handler/webrick.rb:89:in `service'
  C:/RailsInstaller/Ruby2.0.0/lib/ruby/2.0.0/webrick/httpserver.rb:138:in `service'
  C:/RailsInstaller/Ruby2.0.0/lib/ruby/2.0.0/webrick/httpserver.rb:94:in `run'
  C:/RailsInstaller/Ruby2.0.0/lib/ruby/2.0.0/webrick/server.rb:295:in `block in start_thread'


  Rendered C:/RailsInstaller/Ruby2.0.0/lib/ruby/gems/2.0.0/gems/actionpack-4.2.0/lib/action_dispatch/middleware/templates/rescues/_trace.html.erb (5.0ms)
  Rendered C:/RailsInstaller/Ruby2.0.0/lib/ruby/gems/2.0.0/gems/actionpack-4.2.0/lib/action_dispatch/middleware/templates/routes/_route.html.erb (3.0ms)
  Rendered C:/RailsInstaller/Ruby2.0.0/lib/ruby/gems/2.0.0/gems/actionpack-4.2.0/lib/action_dispatch/middleware/templates/routes/_table.html.erb (4.0ms)
  Rendered C:/RailsInstaller/Ruby2.0.0/lib/ruby/gems/2.0.0/gems/actionpack-4.2.0/lib/action_dispatch/middleware/templates/rescues/_request_and_response.html.erb (3.0ms)
  Rendered C:/RailsInstaller/Ruby2.0.0/lib/ruby/gems/2.0.0/gems/actionpack-4.2.0/lib/action_dispatch/middleware/templates/rescues/routing_error.html.erb within rescues/layout (139.0ms)


Started GET "/api/v1/cabdrivers" for ::1 at 2015-08-21 10:27:36 -0500
Processing by API::V1::CabdriversController#index as JSON
  [1m[36m (0.0ms)[0m  [1mSELECT  MAX("cabdrivers"."updated_at") FROM "cabdrivers" LIMIT 25 OFFSET 0[0m
  Couldn't find template for digesting: cabdrivers/index
  [1m[35mCabdriver Load (1.0ms)[0m  SELECT  "cabdrivers".* FROM "cabdrivers" LIMIT 25 OFFSET 0
Completed 304 Not Modified in 53ms (ActiveRecord: 3.0ms)


Started GET "/api/v1/cabdrivers" for ::1 at 2015-08-21 10:27:37 -0500
Processing by API::V1::CabdriversController#index as JSON
  [1m[36m (1.0ms)[0m  [1mSELECT  MAX("cabdrivers"."updated_at") FROM "cabdrivers" LIMIT 25 OFFSET 0[0m
  Couldn't find template for digesting: cabdrivers/index
  [1m[35mCabdriver Load (1.0ms)[0m  SELECT  "cabdrivers".* FROM "cabdrivers" LIMIT 25 OFFSET 0
Completed 304 Not Modified in 25ms (ActiveRecord: 2.0ms)


Started GET "/api/v1/cabdrivers" for ::1 at 2015-08-21 10:27:54 -0500
Processing by API::V1::CabdriversController#index as JSON
  [1m[36m (1.0ms)[0m  [1mSELECT  MAX("cabdrivers"."updated_at") FROM "cabdrivers" LIMIT 25 OFFSET 0[0m
  Couldn't find template for digesting: cabdrivers/index
  [1m[35mCabdriver Load (1.0ms)[0m  SELECT  "cabdrivers".* FROM "cabdrivers" LIMIT 25 OFFSET 0
Completed 304 Not Modified in 52ms (ActiveRecord: 4.0ms)


Started GET "/api/v1/cabdrivers" for ::1 at 2015-08-21 10:27:58 -0500
Processing by API::V1::CabdriversController#index as JSON
  [1m[36m (0.0ms)[0m  [1mSELECT  MAX("cabdrivers"."updated_at") FROM "cabdrivers" LIMIT 25 OFFSET 0[0m
  Couldn't find template for digesting: cabdrivers/index
  [1m[35mCabdriver Load (2.0ms)[0m  SELECT  "cabdrivers".* FROM "cabdrivers" LIMIT 25 OFFSET 0
Completed 304 Not Modified in 32ms (ActiveRecord: 2.0ms)


Started GET "/api/v1/cabdrivers" for ::1 at 2015-08-21 10:28:17 -0500
Processing by API::V1::CabdriversController#index as JSON
  [1m[36m (0.0ms)[0m  [1mSELECT  MAX("cabdrivers"."updated_at") FROM "cabdrivers" LIMIT 25 OFFSET 0[0m
  Couldn't find template for digesting: cabdrivers/index
  [1m[35mCabdriver Load (0.0ms)[0m  SELECT  "cabdrivers".* FROM "cabdrivers" LIMIT 25 OFFSET 0
Completed 304 Not Modified in 52ms (ActiveRecord: 2.0ms)


Started GET "/api/v1/cabdrivers" for ::1 at 2015-08-21 10:28:18 -0500
Processing by API::V1::CabdriversController#index as JSON
  [1m[36m (0.0ms)[0m  [1mSELECT  MAX("cabdrivers"."updated_at") FROM "cabdrivers" LIMIT 25 OFFSET 0[0m
  Couldn't find template for digesting: cabdrivers/index
  [1m[35mCabdriver Load (0.0ms)[0m  SELECT  "cabdrivers".* FROM "cabdrivers" LIMIT 25 OFFSET 0
Completed 304 Not Modified in 29ms (ActiveRecord: 0.0ms)


Started GET "/api/v1/cabdrivers" for ::1 at 2015-08-21 10:28:25 -0500
Processing by API::V1::CabdriversController#index as JSON
  [1m[36m (0.0ms)[0m  [1mSELECT  MAX("cabdrivers"."updated_at") FROM "cabdrivers" LIMIT 25 OFFSET 0[0m
  Couldn't find template for digesting: cabdrivers/index
  [1m[35mCabdriver Load (2.0ms)[0m  SELECT  "cabdrivers".* FROM "cabdrivers" LIMIT 25 OFFSET 0
Completed 304 Not Modified in 23ms (ActiveRecord: 2.0ms)


Started GET "/api/v1/cabdrivers" for ::1 at 2015-08-21 10:28:34 -0500
Processing by API::V1::CabdriversController#index as JSON
  [1m[36m (1.0ms)[0m  [1mSELECT  MAX("cabdrivers"."updated_at") FROM "cabdrivers" LIMIT 25 OFFSET 0[0m
  Couldn't find template for digesting: cabdrivers/index
  [1m[35mCabdriver Load (1.0ms)[0m  SELECT  "cabdrivers".* FROM "cabdrivers" LIMIT 25 OFFSET 0
Completed 304 Not Modified in 27ms (ActiveRecord: 2.0ms)


Started GET "/api/v1/cabdrivers" for ::1 at 2015-08-21 10:29:38 -0500
  [1m[36mActiveRecord::SchemaMigration Load (0.0ms)[0m  [1mSELECT "schema_migrations".* FROM "schema_migrations"[0m
Processing by API::V1::CabdriversController#index as JSON
  [1m[35m (1.0ms)[0m  SELECT  MAX("cabdrivers"."updated_at") FROM "cabdrivers" LIMIT 25 OFFSET 0
  Couldn't find template for digesting: cabdrivers/index
  [1m[36mCabdriver Load (1.0ms)[0m  [1mSELECT  "cabdrivers".* FROM "cabdrivers" LIMIT 25 OFFSET 0[0m
Completed 304 Not Modified in 94ms (ActiveRecord: 5.0ms)


Started GET "/api/v1/cabdrivers" for ::1 at 2015-08-21 10:30:48 -0500
Processing by API::V1::CabdriversController#index as JSON
  [1m[35mCabdriver Load (1.0ms)[0m  SELECT  "cabdrivers".* FROM "cabdrivers" LIMIT 25 OFFSET 0
Completed 200 OK in 132ms (Views: 117.0ms | ActiveRecord: 2.0ms)


Started GET "/api/v1/cabdrivers" for ::1 at 2015-08-21 10:44:22 -0500
  [1m[36mActiveRecord::SchemaMigration Load (1.0ms)[0m  [1mSELECT "schema_migrations".* FROM "schema_migrations"[0m

SyntaxError (C:/Users/xalexbaf/cabdrivers/cabdrivers/app/controllers/api/v1/cabdrivers_controller.rb:88: syntax error, unexpected end-of-input, expecting keyword_end):
  app/controllers/api/v1/cabdrivers_controller.rb:88: syntax error, unexpected end-of-input, expecting keyword_end


  Rendered C:/RailsInstaller/Ruby2.0.0/lib/ruby/gems/2.0.0/gems/actionpack-4.2.0/lib/action_dispatch/middleware/templates/rescues/_source.erb (2.0ms)
  Rendered C:/RailsInstaller/Ruby2.0.0/lib/ruby/gems/2.0.0/gems/actionpack-4.2.0/lib/action_dispatch/middleware/templates/rescues/_trace.html.erb (10.0ms)
  Rendered C:/RailsInstaller/Ruby2.0.0/lib/ruby/gems/2.0.0/gems/actionpack-4.2.0/lib/action_dispatch/middleware/templates/rescues/_request_and_response.html.erb (4.0ms)
  Rendered C:/RailsInstaller/Ruby2.0.0/lib/ruby/gems/2.0.0/gems/actionpack-4.2.0/lib/action_dispatch/middleware/templates/rescues/diagnostics.html.erb within rescues/layout (96.0ms)


Started GET "/api/v1/cabdrivers" for ::1 at 2015-08-21 10:46:14 -0500
Processing by API::V1::CabdriversController#index as JSON
Completed 500 Internal Server Error in 14ms

ArgumentError (wrong number of arguments (1 for 0)):
  app/controllers/api/v1/cabdrivers_controller.rb:33:in `block in index'
  app/controllers/api/v1/cabdrivers_controller.rb:31:in `index'


  Rendered C:/RailsInstaller/Ruby2.0.0/lib/ruby/gems/2.0.0/gems/actionpack-4.2.0/lib/action_dispatch/middleware/templates/rescues/_source.erb (2.0ms)
  Rendered C:/RailsInstaller/Ruby2.0.0/lib/ruby/gems/2.0.0/gems/actionpack-4.2.0/lib/action_dispatch/middleware/templates/rescues/_trace.html.erb (11.0ms)
  Rendered C:/RailsInstaller/Ruby2.0.0/lib/ruby/gems/2.0.0/gems/actionpack-4.2.0/lib/action_dispatch/middleware/templates/rescues/_request_and_response.html.erb (3.0ms)
  Rendered C:/RailsInstaller/Ruby2.0.0/lib/ruby/gems/2.0.0/gems/actionpack-4.2.0/lib/action_dispatch/middleware/templates/rescues/diagnostics.html.erb within rescues/layout (91.0ms)


Started GET "/api/v1/cabdrivers" for ::1 at 2015-08-21 10:46:44 -0500
Processing by API::V1::CabdriversController#index as JSON
  [1m[35mCabdriver Load (2.0ms)[0m  SELECT  "cabdrivers".* FROM "cabdrivers" LIMIT 25 OFFSET 0
Completed 200 OK in 140ms (Views: 120.1ms | ActiveRecord: 3.9ms)


Started GET "/api/v1/cabdrivers" for ::1 at 2015-08-21 10:47:11 -0500
Processing by API::V1::CabdriversController#index as JSON
  [1m[36mCabdriver Load (1.0ms)[0m  [1mSELECT  "cabdrivers".* FROM "cabdrivers" LIMIT 25 OFFSET 0[0m
Completed 200 OK in 40ms (Views: 36.0ms | ActiveRecord: 1.0ms)


Started GET "/api/v1/cabdrivers" for ::1 at 2015-08-21 10:59:22 -0500
Processing by API::V1::CabdriversController#index as JSON
  [1m[35mCabdriver Load (1.0ms)[0m  SELECT  "cabdrivers".* FROM "cabdrivers" LIMIT 25 OFFSET 0
Completed 500 Internal Server Error in 71ms

AbstractController::DoubleRenderError (Render and/or redirect were called multiple times in this action. Please note that you may only call render OR redirect, and at most once per action. Also note that neither redirect nor render terminate execution of the action, so if you want to exit an action after redirecting, you need to do something like "redirect_to(...) and return".):
  app/controllers/api/v1/cabdrivers_controller.rb:40:in `index'


  Rendered C:/RailsInstaller/Ruby2.0.0/lib/ruby/gems/2.0.0/gems/actionpack-4.2.0/lib/action_dispatch/middleware/templates/rescues/_source.erb (2.0ms)
  Rendered C:/RailsInstaller/Ruby2.0.0/lib/ruby/gems/2.0.0/gems/actionpack-4.2.0/lib/action_dispatch/middleware/templates/rescues/_trace.html.erb (11.0ms)
  Rendered C:/RailsInstaller/Ruby2.0.0/lib/ruby/gems/2.0.0/gems/actionpack-4.2.0/lib/action_dispatch/middleware/templates/rescues/_request_and_response.html.erb (3.0ms)
  Rendered C:/RailsInstaller/Ruby2.0.0/lib/ruby/gems/2.0.0/gems/actionpack-4.2.0/lib/action_dispatch/middleware/templates/rescues/diagnostics.html.erb within rescues/layout (88.0ms)


Started GET "/api/v1/cabdrivers" for ::1 at 2015-08-21 10:59:55 -0500
Processing by API::V1::CabdriversController#index as JSON
  [1m[36mCabdriver Load (2.0ms)[0m  [1mSELECT  "cabdrivers".* FROM "cabdrivers" LIMIT 25 OFFSET 0[0m
Completed 500 Internal Server Error in 65ms

AbstractController::DoubleRenderError (Render and/or redirect were called multiple times in this action. Please note that you may only call render OR redirect, and at most once per action. Also note that neither redirect nor render terminate execution of the action, so if you want to exit an action after redirecting, you need to do something like "redirect_to(...) and return".):
  app/controllers/api/v1/cabdrivers_controller.rb:40:in `index'


  Rendered C:/RailsInstaller/Ruby2.0.0/lib/ruby/gems/2.0.0/gems/actionpack-4.2.0/lib/action_dispatch/middleware/templates/rescues/_source.erb (2.0ms)
  Rendered C:/RailsInstaller/Ruby2.0.0/lib/ruby/gems/2.0.0/gems/actionpack-4.2.0/lib/action_dispatch/middleware/templates/rescues/_trace.html.erb (12.0ms)
  Rendered C:/RailsInstaller/Ruby2.0.0/lib/ruby/gems/2.0.0/gems/actionpack-4.2.0/lib/action_dispatch/middleware/templates/rescues/_request_and_response.html.erb (3.0ms)
  Rendered C:/RailsInstaller/Ruby2.0.0/lib/ruby/gems/2.0.0/gems/actionpack-4.2.0/lib/action_dispatch/middleware/templates/rescues/diagnostics.html.erb within rescues/layout (88.0ms)


Started GET "/api/v1/cabdrivers" for ::1 at 2015-08-21 11:00:08 -0500
Processing by API::V1::CabdriversController#index as JSON
  [1m[35mCabdriver Load (1.0ms)[0m  SELECT  "cabdrivers".* FROM "cabdrivers" LIMIT 25 OFFSET 0
Completed 200 OK in 66ms (Views: 49.0ms | ActiveRecord: 2.0ms)


Started GET "/api/v1/cabdriverso" for ::1 at 2015-08-21 11:00:23 -0500

ActionController::RoutingError (No route matches [GET] "/api/v1/cabdriverso"):
  actionpack (4.2.0) lib/action_dispatch/middleware/debug_exceptions.rb:21:in `call'
  actionpack (4.2.0) lib/action_dispatch/middleware/show_exceptions.rb:30:in `call'
  railties (4.2.0) lib/rails/rack/logger.rb:38:in `call_app'
  railties (4.2.0) lib/rails/rack/logger.rb:20:in `block in call'
  activesupport (4.2.0) lib/active_support/tagged_logging.rb:68:in `block in tagged'
  activesupport (4.2.0) lib/active_support/tagged_logging.rb:26:in `tagged'
  activesupport (4.2.0) lib/active_support/tagged_logging.rb:68:in `tagged'
  railties (4.2.0) lib/rails/rack/logger.rb:20:in `call'
  actionpack (4.2.0) lib/action_dispatch/middleware/request_id.rb:21:in `call'
  rack (1.6.0) lib/rack/runtime.rb:18:in `call'
  activesupport (4.2.0) lib/active_support/cache/strategy/local_cache_middleware.rb:28:in `call'
  rack (1.6.0) lib/rack/lock.rb:17:in `call'
  actionpack (4.2.0) lib/action_dispatch/middleware/static.rb:113:in `call'
  railties (4.2.0) lib/rails/engine.rb:518:in `call'
  railties (4.2.0) lib/rails/application.rb:164:in `call'
  rack (1.6.0) lib/rack/lock.rb:17:in `call'
  rack (1.6.0) lib/rack/content_length.rb:15:in `call'
  rack (1.6.0) lib/rack/handler/webrick.rb:89:in `service'
  C:/RailsInstaller/Ruby2.0.0/lib/ruby/2.0.0/webrick/httpserver.rb:138:in `service'
  C:/RailsInstaller/Ruby2.0.0/lib/ruby/2.0.0/webrick/httpserver.rb:94:in `run'
  C:/RailsInstaller/Ruby2.0.0/lib/ruby/2.0.0/webrick/server.rb:295:in `block in start_thread'


  Rendered C:/RailsInstaller/Ruby2.0.0/lib/ruby/gems/2.0.0/gems/actionpack-4.2.0/lib/action_dispatch/middleware/templates/rescues/_trace.html.erb (5.0ms)
  Rendered C:/RailsInstaller/Ruby2.0.0/lib/ruby/gems/2.0.0/gems/actionpack-4.2.0/lib/action_dispatch/middleware/templates/routes/_route.html.erb (4.0ms)
  Rendered C:/RailsInstaller/Ruby2.0.0/lib/ruby/gems/2.0.0/gems/actionpack-4.2.0/lib/action_dispatch/middleware/templates/routes/_table.html.erb (41.0ms)
  Rendered C:/RailsInstaller/Ruby2.0.0/lib/ruby/gems/2.0.0/gems/actionpack-4.2.0/lib/action_dispatch/middleware/templates/rescues/_request_and_response.html.erb (3.0ms)
  Rendered C:/RailsInstaller/Ruby2.0.0/lib/ruby/gems/2.0.0/gems/actionpack-4.2.0/lib/action_dispatch/middleware/templates/rescues/routing_error.html.erb within rescues/layout (185.0ms)


Started GET "/api/v1/cabdrivers" for ::1 at 2015-08-21 11:00:42 -0500
Processing by API::V1::CabdriversController#index as JSON
  [1m[36mCabdriver Load (0.0ms)[0m  [1mSELECT  "cabdrivers".* FROM "cabdrivers" LIMIT 25 OFFSET 0[0m
Completed 200 OK in 31ms (Views: 31.2ms | ActiveRecord: 0.0ms)


Started GET "/api/v1/cabdrivers?state=libre" for ::1 at 2015-08-21 11:01:19 -0500
Processing by API::V1::CabdriversController#index as JSON
  Parameters: {"state"=>"libre"}
  [1m[35mCabdriver Load (1.0ms)[0m  SELECT  "cabdrivers".* FROM "cabdrivers" WHERE "cabdrivers"."state" = ? LIMIT 25 OFFSET 0  [["state", "libre"]]
Completed 200 OK in 51ms (Views: 27.0ms | ActiveRecord: 1.0ms)


Started GET "/api/v1/cabdrivers?state=ocupado" for ::1 at 2015-08-21 11:01:32 -0500
Processing by API::V1::CabdriversController#index as JSON
  Parameters: {"state"=>"ocupado"}
  [1m[36mCabdriver Load (0.0ms)[0m  [1mSELECT  "cabdrivers".* FROM "cabdrivers" WHERE "cabdrivers"."state" = ? LIMIT 25 OFFSET 0[0m  [["state", "ocupado"]]
Completed 200 OK in 24ms (Views: 17.0ms | ActiveRecord: 0.0ms)


Started GET "/api/v1/cabdrivers" for ::1 at 2015-08-21 11:05:13 -0500
Processing by API::V1::CabdriversController#index as JSON
  [1m[35mCabdriver Load (0.0ms)[0m  SELECT  "cabdrivers".* FROM "cabdrivers" LIMIT 25 OFFSET 0
Completed 200 OK in 31ms (Views: 31.2ms | ActiveRecord: 0.0ms)


Started GET "/api/v1/cabdrivers?state=ocupado" for ::1 at 2015-08-21 11:06:04 -0500
Processing by API::V1::CabdriversController#index as JSON
  Parameters: {"state"=>"ocupado"}
  [1m[36mCabdriver Load (1.0ms)[0m  [1mSELECT  "cabdrivers".* FROM "cabdrivers" WHERE "cabdrivers"."state" = ? LIMIT 25 OFFSET 0[0m  [["state", "ocupado"]]
Completed 200 OK in 48ms (Views: 27.0ms | ActiveRecord: 3.0ms)


Started GET "/api/v1/cabdrivers?ddd" for ::1 at 2015-08-21 11:06:10 -0500
Processing by API::V1::CabdriversController#index as JSON
  Parameters: {"ddd"=>nil}
  [1m[35mCabdriver Load (1.0ms)[0m  SELECT  "cabdrivers".* FROM "cabdrivers" LIMIT 25 OFFSET 0
Completed 200 OK in 53ms (Views: 51.6ms | ActiveRecord: 1.0ms)


Started GET "/api/v1/cabdrivers?klnklnklnkln" for ::1 at 2015-08-21 11:06:25 -0500
Processing by API::V1::CabdriversController#index as JSON
  Parameters: {"klnklnklnkln"=>nil}
  [1m[36mCabdriver Load (1.0ms)[0m  [1mSELECT  "cabdrivers".* FROM "cabdrivers" LIMIT 25 OFFSET 0[0m
Completed 200 OK in 40ms (Views: 36.0ms | ActiveRecord: 1.0ms)


Started GET "/api/v1/cabdrivers?klnklnklnkln" for ::1 at 2015-08-21 11:07:14 -0500
Processing by API::V1::CabdriversController#index as JSON
  Parameters: {"klnklnklnkln"=>nil}
  [1m[35mCabdriver Load (2.0ms)[0m  SELECT  "cabdrivers".* FROM "cabdrivers" LIMIT 25 OFFSET 0
Completed 200 OK in 76ms (Views: 56.1ms | ActiveRecord: 5.0ms)


Started GET "/api/v1/state?klnklnklnkln" for ::1 at 2015-08-21 11:14:01 -0500

ActionController::RoutingError (No route matches [GET] "/api/v1/state"):
  actionpack (4.2.0) lib/action_dispatch/middleware/debug_exceptions.rb:21:in `call'
  actionpack (4.2.0) lib/action_dispatch/middleware/show_exceptions.rb:30:in `call'
  railties (4.2.0) lib/rails/rack/logger.rb:38:in `call_app'
  railties (4.2.0) lib/rails/rack/logger.rb:20:in `block in call'
  activesupport (4.2.0) lib/active_support/tagged_logging.rb:68:in `block in tagged'
  activesupport (4.2.0) lib/active_support/tagged_logging.rb:26:in `tagged'
  activesupport (4.2.0) lib/active_support/tagged_logging.rb:68:in `tagged'
  railties (4.2.0) lib/rails/rack/logger.rb:20:in `call'
  actionpack (4.2.0) lib/action_dispatch/middleware/request_id.rb:21:in `call'
  rack (1.6.0) lib/rack/runtime.rb:18:in `call'
  activesupport (4.2.0) lib/active_support/cache/strategy/local_cache_middleware.rb:28:in `call'
  rack (1.6.0) lib/rack/lock.rb:17:in `call'
  actionpack (4.2.0) lib/action_dispatch/middleware/static.rb:113:in `call'
  railties (4.2.0) lib/rails/engine.rb:518:in `call'
  railties (4.2.0) lib/rails/application.rb:164:in `call'
  rack (1.6.0) lib/rack/lock.rb:17:in `call'
  rack (1.6.0) lib/rack/content_length.rb:15:in `call'
  rack (1.6.0) lib/rack/handler/webrick.rb:89:in `service'
  C:/RailsInstaller/Ruby2.0.0/lib/ruby/2.0.0/webrick/httpserver.rb:138:in `service'
  C:/RailsInstaller/Ruby2.0.0/lib/ruby/2.0.0/webrick/httpserver.rb:94:in `run'
  C:/RailsInstaller/Ruby2.0.0/lib/ruby/2.0.0/webrick/server.rb:295:in `block in start_thread'


  Rendered C:/RailsInstaller/Ruby2.0.0/lib/ruby/gems/2.0.0/gems/actionpack-4.2.0/lib/action_dispatch/middleware/templates/rescues/_trace.html.erb (5.0ms)
  Rendered C:/RailsInstaller/Ruby2.0.0/lib/ruby/gems/2.0.0/gems/actionpack-4.2.0/lib/action_dispatch/middleware/templates/routes/_route.html.erb (3.0ms)
  Rendered C:/RailsInstaller/Ruby2.0.0/lib/ruby/gems/2.0.0/gems/actionpack-4.2.0/lib/action_dispatch/middleware/templates/routes/_table.html.erb (4.0ms)
  Rendered C:/RailsInstaller/Ruby2.0.0/lib/ruby/gems/2.0.0/gems/actionpack-4.2.0/lib/action_dispatch/middleware/templates/rescues/_request_and_response.html.erb (4.0ms)
  Rendered C:/RailsInstaller/Ruby2.0.0/lib/ruby/gems/2.0.0/gems/actionpack-4.2.0/lib/action_dispatch/middleware/templates/rescues/routing_error.html.erb within rescues/layout (136.0ms)


Started GET "/api/v1/cabdrivers?state=pailas" for ::1 at 2015-08-21 11:14:16 -0500
Processing by API::V1::CabdriversController#index as JSON
  Parameters: {"state"=>"pailas"}
  [1m[36mCabdriver Load (1.0ms)[0m  [1mSELECT  "cabdrivers".* FROM "cabdrivers" WHERE "cabdrivers"."state" = ? LIMIT 25 OFFSET 0[0m  [["state", "pailas"]]
Completed 200 OK in 10ms (Views: 5.0ms | ActiveRecord: 1.0ms)


Started GET "/api/v1/cabdrivers?state=pailas" for ::1 at 2015-08-21 11:14:42 -0500
Processing by API::V1::CabdriversController#index as JSON
  Parameters: {"state"=>"pailas"}
  [1m[35mCabdriver Load (0.0ms)[0m  SELECT  "cabdrivers".* FROM "cabdrivers" WHERE "cabdrivers"."state" = ? LIMIT 25 OFFSET 0  [["state", "pailas"]]
Completed 200 OK in 23ms (Views: 6.0ms | ActiveRecord: 1.0ms)


Started GET "/api/v1/cabdrivers" for ::1 at 2015-08-21 11:14:50 -0500
Processing by API::V1::CabdriversController#index as JSON
  [1m[36mCabdriver Load (1.0ms)[0m  [1mSELECT  "cabdrivers".* FROM "cabdrivers" LIMIT 25 OFFSET 0[0m
Completed 200 OK in 116ms (Views: 110.0ms | ActiveRecord: 2.0ms)


Started GET "/api/v1/cabdrivers" for ::1 at 2015-08-21 11:14:58 -0500
Processing by API::V1::CabdriversController#index as JSON
  [1m[35mCabdriver Load (1.0ms)[0m  SELECT  "cabdrivers".* FROM "cabdrivers" LIMIT 25 OFFSET 0
Completed 200 OK in 66ms (Views: 49.0ms | ActiveRecord: 3.0ms)


Started GET "/api/v1/cabdrivers" for ::1 at 2015-08-21 11:15:09 -0500
Processing by API::V1::CabdriversController#index as JSON
  Rendered html template (0.0ms)
Completed 200 OK in 113ms (Views: 100.0ms | ActiveRecord: 0.0ms)


Started GET "/api/v1/cabdrivers" for ::1 at 2015-08-21 11:15:57 -0500
Processing by API::V1::CabdriversController#index as JSON
  [1m[36mCabdriver Load (1.0ms)[0m  [1mSELECT  "cabdrivers".* FROM "cabdrivers" LIMIT 25 OFFSET 0[0m
Completed 200 OK in 64ms (Views: 47.0ms | ActiveRecord: 3.0ms)


Started GET "/api/v1/cabdrivers" for ::1 at 2015-08-21 13:59:40 -0500

SyntaxError (C:/Users/xalexbaf/cabdrivers/cabdrivers/app/controllers/api/v1/cabdrivers_controller.rb:37: syntax error, unexpected tIVAR, expecting keyword_end
        render "edit.html.erb" @cabdrivers
                                          ^):
  app/controllers/api/v1/cabdrivers_controller.rb:37: syntax error, unexpected tIVAR, expecting keyword_end


  Rendered C:/RailsInstaller/Ruby2.0.0/lib/ruby/gems/2.0.0/gems/actionpack-4.2.0/lib/action_dispatch/middleware/templates/rescues/_source.erb (2.5ms)
  Rendered C:/RailsInstaller/Ruby2.0.0/lib/ruby/gems/2.0.0/gems/actionpack-4.2.0/lib/action_dispatch/middleware/templates/rescues/_trace.html.erb (15.0ms)
  Rendered C:/RailsInstaller/Ruby2.0.0/lib/ruby/gems/2.0.0/gems/actionpack-4.2.0/lib/action_dispatch/middleware/templates/rescues/_request_and_response.html.erb (2.5ms)
  Rendered C:/RailsInstaller/Ruby2.0.0/lib/ruby/gems/2.0.0/gems/actionpack-4.2.0/lib/action_dispatch/middleware/templates/rescues/diagnostics.html.erb within rescues/layout (132.5ms)


Started GET "/api/v1/cabdrivers" for ::1 at 2015-08-21 14:00:11 -0500
Processing by API::V1::CabdriversController#index as JSON
Completed 406 Not Acceptable in 27ms

ActionController::UnknownFormat (ActionController::UnknownFormat):
  app/controllers/api/v1/cabdrivers_controller.rb:31:in `index'


  Rendered C:/RailsInstaller/Ruby2.0.0/lib/ruby/gems/2.0.0/gems/actionpack-4.2.0/lib/action_dispatch/middleware/templates/rescues/_source.erb (5.0ms)
  Rendered C:/RailsInstaller/Ruby2.0.0/lib/ruby/gems/2.0.0/gems/actionpack-4.2.0/lib/action_dispatch/middleware/templates/rescues/_trace.html.erb (17.5ms)
  Rendered C:/RailsInstaller/Ruby2.0.0/lib/ruby/gems/2.0.0/gems/actionpack-4.2.0/lib/action_dispatch/middleware/templates/rescues/_request_and_response.html.erb (5.0ms)
  Rendered C:/RailsInstaller/Ruby2.0.0/lib/ruby/gems/2.0.0/gems/actionpack-4.2.0/lib/action_dispatch/middleware/templates/rescues/diagnostics.html.erb within rescues/layout (132.5ms)


Started GET "/api/v1/cabdrivers" for ::1 at 2015-08-21 14:00:39 -0500
Processing by API::V1::CabdriversController#index as JSON
Completed 500 Internal Server Error in 48ms

ActionView::MissingTemplate (Missing template api/v1/cabdrivers/edit.html.erb, application/edit.html.erb with {:locale=>[:en], :formats=>[:json], :variants=>[], :handlers=>[:erb, :builder, :raw, :ruby]}. Searched in:
  * "C:/RailsInstaller/Ruby2.0.0/lib/ruby/gems/2.0.0/gems/kaminari-0.16.3/app/views"
  * "C:/RailsInstaller/Ruby2.0.0/lib/ruby/gems/2.0.0/gems/kaminari-0.16.3/app/views"
):
  app/controllers/api/v1/cabdrivers_controller.rb:37:in `block in index'
  app/controllers/api/v1/cabdrivers_controller.rb:31:in `index'


  Rendered C:/RailsInstaller/Ruby2.0.0/lib/ruby/gems/2.0.0/gems/actionpack-4.2.0/lib/action_dispatch/middleware/templates/rescues/_source.erb (2.5ms)
  Rendered C:/RailsInstaller/Ruby2.0.0/lib/ruby/gems/2.0.0/gems/actionpack-4.2.0/lib/action_dispatch/middleware/templates/rescues/_trace.html.erb (22.5ms)
  Rendered C:/RailsInstaller/Ruby2.0.0/lib/ruby/gems/2.0.0/gems/actionpack-4.2.0/lib/action_dispatch/middleware/templates/rescues/_request_and_response.html.erb (2.5ms)
  Rendered C:/RailsInstaller/Ruby2.0.0/lib/ruby/gems/2.0.0/gems/actionpack-4.2.0/lib/action_dispatch/middleware/templates/rescues/missing_template.html.erb within rescues/layout (130.0ms)


Started GET "/api/v1/cabdrivers" for ::1 at 2015-08-21 14:01:17 -0500
Processing by API::V1::CabdriversController#index as JSON
Completed 500 Internal Server Error in 47ms

ActionView::MissingTemplate (Missing template api/v1/cabdrivers/cabdrivers.html.erb, application/cabdrivers.html.erb with {:locale=>[:en], :formats=>[:json], :variants=>[], :handlers=>[:erb, :builder, :raw, :ruby]}. Searched in:
  * "C:/RailsInstaller/Ruby2.0.0/lib/ruby/gems/2.0.0/gems/kaminari-0.16.3/app/views"
  * "C:/RailsInstaller/Ruby2.0.0/lib/ruby/gems/2.0.0/gems/kaminari-0.16.3/app/views"
):
  app/controllers/api/v1/cabdrivers_controller.rb:37:in `block in index'
  app/controllers/api/v1/cabdrivers_controller.rb:31:in `index'


  Rendered C:/RailsInstaller/Ruby2.0.0/lib/ruby/gems/2.0.0/gems/actionpack-4.2.0/lib/action_dispatch/middleware/templates/rescues/_source.erb (2.5ms)
  Rendered C:/RailsInstaller/Ruby2.0.0/lib/ruby/gems/2.0.0/gems/actionpack-4.2.0/lib/action_dispatch/middleware/templates/rescues/_trace.html.erb (17.5ms)
  Rendered C:/RailsInstaller/Ruby2.0.0/lib/ruby/gems/2.0.0/gems/actionpack-4.2.0/lib/action_dispatch/middleware/templates/rescues/_request_and_response.html.erb (2.5ms)
  Rendered C:/RailsInstaller/Ruby2.0.0/lib/ruby/gems/2.0.0/gems/actionpack-4.2.0/lib/action_dispatch/middleware/templates/rescues/missing_template.html.erb within rescues/layout (125.0ms)


Started GET "/api/v1/cabdrivers" for ::1 at 2015-08-21 14:05:08 -0500
Processing by API::V1::CabdriversController#index as JSON
Completed 500 Internal Server Error in 25ms

ActionView::MissingTemplate (Missing template api/v1/cabdrivers/cabdrivers.html.erb, application/cabdrivers.html.erb with {:locale=>[:en], :formats=>[:json], :variants=>[], :handlers=>[:erb, :builder, :raw, :ruby]}. Searched in:
  * "C:/RailsInstaller/Ruby2.0.0/lib/ruby/gems/2.0.0/gems/kaminari-0.16.3/app/views"
  * "C:/RailsInstaller/Ruby2.0.0/lib/ruby/gems/2.0.0/gems/kaminari-0.16.3/app/views"
):
  app/controllers/api/v1/cabdrivers_controller.rb:37:in `block in index'
  app/controllers/api/v1/cabdrivers_controller.rb:31:in `index'


  Rendered C:/RailsInstaller/Ruby2.0.0/lib/ruby/gems/2.0.0/gems/actionpack-4.2.0/lib/action_dispatch/middleware/templates/rescues/_source.erb (2.5ms)
  Rendered C:/RailsInstaller/Ruby2.0.0/lib/ruby/gems/2.0.0/gems/actionpack-4.2.0/lib/action_dispatch/middleware/templates/rescues/_trace.html.erb (17.5ms)
  Rendered C:/RailsInstaller/Ruby2.0.0/lib/ruby/gems/2.0.0/gems/actionpack-4.2.0/lib/action_dispatch/middleware/templates/rescues/_request_and_response.html.erb (5.0ms)
  Rendered C:/RailsInstaller/Ruby2.0.0/lib/ruby/gems/2.0.0/gems/actionpack-4.2.0/lib/action_dispatch/middleware/templates/rescues/missing_template.html.erb within rescues/layout (137.5ms)


Started GET "/api/v1/cabdrivers" for ::1 at 2015-08-21 14:07:00 -0500
Processing by API::V1::CabdriversController#index as JSON
  [1m[35mCabdriver Load (12.5ms)[0m  SELECT  "cabdrivers".* FROM "cabdrivers" LIMIT 25 OFFSET 0
  Rendered inline template (277.5ms)
Completed 500 Internal Server Error in 313ms

ActionView::Template::Error (undefined local variable or method `products' for #<#<Class:0x5a96fd8>:0x5aa5ee8>):
    1: <% products.each do |p| %><p><%= p.name %></p><% end %>
  app/controllers/api/v1/cabdrivers_controller.rb:39:in `block in index'
  app/controllers/api/v1/cabdrivers_controller.rb:31:in `index'


  Rendered C:/RailsInstaller/Ruby2.0.0/lib/ruby/gems/2.0.0/gems/actionpack-4.2.0/lib/action_dispatch/middleware/templates/rescues/_source.erb (2.5ms)
  Rendered C:/RailsInstaller/Ruby2.0.0/lib/ruby/gems/2.0.0/gems/actionpack-4.2.0/lib/action_dispatch/middleware/templates/rescues/_trace.html.erb (20.0ms)
  Rendered C:/RailsInstaller/Ruby2.0.0/lib/ruby/gems/2.0.0/gems/actionpack-4.2.0/lib/action_dispatch/middleware/templates/rescues/_request_and_response.html.erb (5.0ms)
  Rendered C:/RailsInstaller/Ruby2.0.0/lib/ruby/gems/2.0.0/gems/actionpack-4.2.0/lib/action_dispatch/middleware/templates/rescues/template_error.html.erb within rescues/layout (132.5ms)


Started GET "/api/v1/cabdrivers" for ::1 at 2015-08-21 14:07:48 -0500
Processing by API::V1::CabdriversController#index as JSON
  [1m[36mCabdriver Load (2.5ms)[0m  [1mSELECT  "cabdrivers".* FROM "cabdrivers" LIMIT 25 OFFSET 0[0m
  Rendered inline template (32.5ms)
Completed 406 Not Acceptable in 68ms

ActionController::UnknownFormat (ActionController::UnknownFormat):
  app/controllers/api/v1/cabdrivers_controller.rb:31:in `index'


  Rendered C:/RailsInstaller/Ruby2.0.0/lib/ruby/gems/2.0.0/gems/actionpack-4.2.0/lib/action_dispatch/middleware/templates/rescues/_source.erb (5.0ms)
  Rendered C:/RailsInstaller/Ruby2.0.0/lib/ruby/gems/2.0.0/gems/actionpack-4.2.0/lib/action_dispatch/middleware/templates/rescues/_trace.html.erb (15.0ms)
  Rendered C:/RailsInstaller/Ruby2.0.0/lib/ruby/gems/2.0.0/gems/actionpack-4.2.0/lib/action_dispatch/middleware/templates/rescues/_request_and_response.html.erb (5.0ms)
  Rendered C:/RailsInstaller/Ruby2.0.0/lib/ruby/gems/2.0.0/gems/actionpack-4.2.0/lib/action_dispatch/middleware/templates/rescues/diagnostics.html.erb within rescues/layout (125.0ms)


Started GET "/api/v1/cabdrivers" for ::1 at 2015-08-21 14:08:21 -0500
Processing by API::V1::CabdriversController#index as JSON
  [1m[35mCabdriver Load (2.5ms)[0m  SELECT  "cabdrivers".* FROM "cabdrivers" LIMIT 25 OFFSET 0
Completed 200 OK in 108ms (Views: 72.5ms | ActiveRecord: 5.0ms)


Started GET "/api/v1/cabdrivers" for ::1 at 2015-08-21 14:08:37 -0500
Processing by API::V1::CabdriversController#index as JSON
  [1m[36mCabdriver Load (2.5ms)[0m  [1mSELECT  "cabdrivers".* FROM "cabdrivers" LIMIT 25 OFFSET 0[0m
  Rendered inline template (35.0ms)
Completed 406 Not Acceptable in 65ms

ActionController::UnknownFormat (ActionController::UnknownFormat):
  app/controllers/api/v1/cabdrivers_controller.rb:31:in `index'


  Rendered C:/RailsInstaller/Ruby2.0.0/lib/ruby/gems/2.0.0/gems/actionpack-4.2.0/lib/action_dispatch/middleware/templates/rescues/_source.erb (5.0ms)
  Rendered C:/RailsInstaller/Ruby2.0.0/lib/ruby/gems/2.0.0/gems/actionpack-4.2.0/lib/action_dispatch/middleware/templates/rescues/_trace.html.erb (15.0ms)
  Rendered C:/RailsInstaller/Ruby2.0.0/lib/ruby/gems/2.0.0/gems/actionpack-4.2.0/lib/action_dispatch/middleware/templates/rescues/_request_and_response.html.erb (2.5ms)
  Rendered C:/RailsInstaller/Ruby2.0.0/lib/ruby/gems/2.0.0/gems/actionpack-4.2.0/lib/action_dispatch/middleware/templates/rescues/diagnostics.html.erb within rescues/layout (125.0ms)


Started GET "/api/v1/cabdrivers" for ::1 at 2015-08-21 14:09:03 -0500
Processing by API::V1::CabdriversController#index as JSON
  [1m[35mCabdriver Load (0.0ms)[0m  SELECT  "cabdrivers".* FROM "cabdrivers" LIMIT 25 OFFSET 0
  Rendered inline template (227.5ms)
Completed 500 Internal Server Error in 260ms

ActionView::Template::Error (undefined local variable or method `cabdrivers' for #<#<Class:0x59292d8>:0x5a8d1b0>):
    1: <% cabdrivers.each do |p| %><p><%= p.name %></p><% end %>
  app/controllers/api/v1/cabdrivers_controller.rb:39:in `block in index'
  app/controllers/api/v1/cabdrivers_controller.rb:31:in `index'


  Rendered C:/RailsInstaller/Ruby2.0.0/lib/ruby/gems/2.0.0/gems/actionpack-4.2.0/lib/action_dispatch/middleware/templates/rescues/_source.erb (2.5ms)
  Rendered C:/RailsInstaller/Ruby2.0.0/lib/ruby/gems/2.0.0/gems/actionpack-4.2.0/lib/action_dispatch/middleware/templates/rescues/_trace.html.erb (20.0ms)
  Rendered C:/RailsInstaller/Ruby2.0.0/lib/ruby/gems/2.0.0/gems/actionpack-4.2.0/lib/action_dispatch/middleware/templates/rescues/_request_and_response.html.erb (5.0ms)
  Rendered C:/RailsInstaller/Ruby2.0.0/lib/ruby/gems/2.0.0/gems/actionpack-4.2.0/lib/action_dispatch/middleware/templates/rescues/template_error.html.erb within rescues/layout (135.0ms)


Started GET "/api/v1/cabdrivers" for ::1 at 2015-08-21 14:09:59 -0500
Processing by API::V1::CabdriversController#index as JSON
  [1m[36mCabdriver Load (0.0ms)[0m  [1mSELECT  "cabdrivers".* FROM "cabdrivers" LIMIT 25 OFFSET 0[0m
  Rendered inline template (35.0ms)
Completed 406 Not Acceptable in 65ms

ActionController::UnknownFormat (ActionController::UnknownFormat):
  app/controllers/api/v1/cabdrivers_controller.rb:31:in `index'


  Rendered C:/RailsInstaller/Ruby2.0.0/lib/ruby/gems/2.0.0/gems/actionpack-4.2.0/lib/action_dispatch/middleware/templates/rescues/_source.erb (2.5ms)
  Rendered C:/RailsInstaller/Ruby2.0.0/lib/ruby/gems/2.0.0/gems/actionpack-4.2.0/lib/action_dispatch/middleware/templates/rescues/_trace.html.erb (15.0ms)
  Rendered C:/RailsInstaller/Ruby2.0.0/lib/ruby/gems/2.0.0/gems/actionpack-4.2.0/lib/action_dispatch/middleware/templates/rescues/_request_and_response.html.erb (5.0ms)
  Rendered C:/RailsInstaller/Ruby2.0.0/lib/ruby/gems/2.0.0/gems/actionpack-4.2.0/lib/action_dispatch/middleware/templates/rescues/diagnostics.html.erb within rescues/layout (120.0ms)


Started GET "/api/v1/cabdrivers" for ::1 at 2015-08-21 14:11:54 -0500
Processing by API::V1::CabdriversController#index as JSON
  Rendered html template (5.0ms)
Completed 406 Not Acceptable in 38ms

ActionController::UnknownFormat (ActionController::UnknownFormat):
  app/controllers/api/v1/cabdrivers_controller.rb:31:in `index'


  Rendered C:/RailsInstaller/Ruby2.0.0/lib/ruby/gems/2.0.0/gems/actionpack-4.2.0/lib/action_dispatch/middleware/templates/rescues/_source.erb (2.5ms)
  Rendered C:/RailsInstaller/Ruby2.0.0/lib/ruby/gems/2.0.0/gems/actionpack-4.2.0/lib/action_dispatch/middleware/templates/rescues/_trace.html.erb (12.5ms)
  Rendered C:/RailsInstaller/Ruby2.0.0/lib/ruby/gems/2.0.0/gems/actionpack-4.2.0/lib/action_dispatch/middleware/templates/rescues/_request_and_response.html.erb (5.0ms)
  Rendered C:/RailsInstaller/Ruby2.0.0/lib/ruby/gems/2.0.0/gems/actionpack-4.2.0/lib/action_dispatch/middleware/templates/rescues/diagnostics.html.erb within rescues/layout (120.0ms)


Started GET "/api/v1/cabdrivers" for ::1 at 2015-08-21 14:12:25 -0500
Processing by API::V1::CabdriversController#index as JSON
  Rendered html template (0.0ms)
Completed 406 Not Acceptable in 30ms

ActionController::UnknownFormat (ActionController::UnknownFormat):
  app/controllers/api/v1/cabdrivers_controller.rb:31:in `index'


  Rendered C:/RailsInstaller/Ruby2.0.0/lib/ruby/gems/2.0.0/gems/actionpack-4.2.0/lib/action_dispatch/middleware/templates/rescues/_source.erb (2.5ms)
  Rendered C:/RailsInstaller/Ruby2.0.0/lib/ruby/gems/2.0.0/gems/actionpack-4.2.0/lib/action_dispatch/middleware/templates/rescues/_trace.html.erb (15.0ms)
  Rendered C:/RailsInstaller/Ruby2.0.0/lib/ruby/gems/2.0.0/gems/actionpack-4.2.0/lib/action_dispatch/middleware/templates/rescues/_request_and_response.html.erb (5.0ms)
  Rendered C:/RailsInstaller/Ruby2.0.0/lib/ruby/gems/2.0.0/gems/actionpack-4.2.0/lib/action_dispatch/middleware/templates/rescues/diagnostics.html.erb within rescues/layout (125.0ms)


Started GET "/api/v1/cabdrivers" for ::1 at 2015-08-21 14:14:37 -0500
Processing by API::V1::CabdriversController#index as JSON
  [1m[35mCabdriver Load (2.5ms)[0m  SELECT  "cabdrivers".* FROM "cabdrivers" LIMIT 25 OFFSET 0
  Rendered inline template (32.5ms)
Completed 200 OK in 68ms (Views: 42.5ms | ActiveRecord: 5.0ms)


Started GET "/api/v1/cabdrivers" for ::1 at 2015-08-21 14:16:40 -0500
Processing by API::V1::CabdriversController#index as JSON
  [1m[36mCabdriver Load (0.0ms)[0m  [1mSELECT  "cabdrivers".* FROM "cabdrivers" LIMIT 25 OFFSET 0[0m
Completed 200 OK in 85ms (Views: 60.0ms | ActiveRecord: 2.5ms)


Started GET "/api/v1/cabdrivers" for ::1 at 2015-08-21 14:20:46 -0500
Processing by API::V1::CabdriversController#index as JSON
  [1m[35mCabdriver Load (5.0ms)[0m  SELECT  "cabdrivers".* FROM "cabdrivers" LIMIT 25 OFFSET 0
  Rendered inline template (35.0ms)
Completed 200 OK in 70ms (Views: 37.5ms | ActiveRecord: 7.5ms)


Started GET "/api/v1/cabdrivers" for ::1 at 2015-08-21 14:21:42 -0500
Processing by API::V1::CabdriversController#index as JSON
  [1m[36mCabdriver Load (2.5ms)[0m  [1mSELECT  "cabdrivers".* FROM "cabdrivers" LIMIT 25 OFFSET 0[0m
  Rendered inline template (35.0ms)
Completed 200 OK in 67ms (Views: 42.5ms | ActiveRecord: 2.5ms)


Started GET "/api/v1/cabdrivers" for ::1 at 2015-08-21 14:21:58 -0500
Processing by API::V1::CabdriversController#index as JSON
  [1m[35mCabdriver Load (2.5ms)[0m  SELECT  "cabdrivers".* FROM "cabdrivers" LIMIT 25 OFFSET 0
  Rendered inline template (32.5ms)
Completed 200 OK in 62ms (Views: 40.0ms | ActiveRecord: 2.5ms)


Started GET "/api/v1/cabdrivers" for ::1 at 2015-08-21 14:22:32 -0500
Processing by API::V1::CabdriversController#index as JSON
  [1m[36mCabdriver Load (2.5ms)[0m  [1mSELECT  "cabdrivers".* FROM "cabdrivers" LIMIT 25 OFFSET 0[0m
  Rendered inline template (35.0ms)
Completed 200 OK in 70ms (Views: 37.5ms | ActiveRecord: 7.5ms)


Started GET "/api/v1/cabdrivers" for ::1 at 2015-08-21 14:22:49 -0500
Processing by API::V1::CabdriversController#index as JSON
  [1m[35mCabdriver Load (2.5ms)[0m  SELECT  "cabdrivers".* FROM "cabdrivers" LIMIT 25 OFFSET 0
  Rendered inline template (35.0ms)
Completed 200 OK in 68ms (Views: 37.5ms | ActiveRecord: 5.0ms)


Started GET "/api/v1/cabdrivers" for ::1 at 2015-08-21 14:22:55 -0500
Processing by API::V1::CabdriversController#index as JSON
  [1m[36mCabdriver Load (0.0ms)[0m  [1mSELECT  "cabdrivers".* FROM "cabdrivers" LIMIT 25 OFFSET 0[0m
  Rendered inline template (12.5ms)
Completed 200 OK in 33ms (Views: 15.0ms | ActiveRecord: 0.0ms)


Started GET "/api/v1/cabdrivers" for ::1 at 2015-08-21 14:23:14 -0500
Processing by API::V1::CabdriversController#index as JSON
  [1m[35mCabdriver Load (2.5ms)[0m  SELECT  "cabdrivers".* FROM "cabdrivers" LIMIT 25 OFFSET 0
  Rendered inline template (32.5ms)
Completed 200 OK in 70ms (Views: 42.5ms | ActiveRecord: 5.0ms)


Started GET "/api/v1/cabdrivers" for ::1 at 2015-08-21 14:25:00 -0500
Processing by API::V1::CabdriversController#index as JSON
  [1m[36mCabdriver Load (2.5ms)[0m  [1mSELECT  "cabdrivers".* FROM "cabdrivers" LIMIT 25 OFFSET 0[0m
  Rendered inline template (35.0ms)
Completed 200 OK in 73ms (Views: 45.0ms | ActiveRecord: 5.0ms)


Started GET "/api/v1/cabdrivers?state=ocupado" for ::1 at 2015-08-21 14:28:59 -0500
Processing by API::V1::CabdriversController#index as JSON
  Parameters: {"state"=>"ocupado"}
  [1m[35mCabdriver Load (0.0ms)[0m  SELECT  "cabdrivers".* FROM "cabdrivers" WHERE "cabdrivers"."state" = ? LIMIT 25 OFFSET 0  [["state", "ocupado"]]
  Rendered inline template (30.0ms)
Completed 200 OK in 70ms (Views: 42.5ms | ActiveRecord: 0.0ms)


Started GET "/api/v1/cabdrivers?state=libre" for ::1 at 2015-08-21 14:30:01 -0500
Processing by API::V1::CabdriversController#index as JSON
  Parameters: {"state"=>"libre"}
  [1m[36mCabdriver Load (0.0ms)[0m  [1mSELECT  "cabdrivers".* FROM "cabdrivers" WHERE "cabdrivers"."state" = ? LIMIT 25 OFFSET 0[0m  [["state", "libre"]]
  Rendered inline template (32.5ms)
Completed 200 OK in 70ms (Views: 40.0ms | ActiveRecord: 2.5ms)


Started GET "/api/v1/cabdrivers?state=libre" for ::1 at 2015-08-21 14:30:33 -0500
Processing by API::V1::CabdriversController#index as JSON
  Parameters: {"state"=>"libre"}
  [1m[35mCabdriver Load (0.0ms)[0m  SELECT  "cabdrivers".* FROM "cabdrivers" WHERE "cabdrivers"."state" = ? LIMIT 25 OFFSET 0  [["state", "libre"]]
  Rendered inline template (30.0ms)
Completed 200 OK in 65ms (Views: 40.0ms | ActiveRecord: 2.5ms)


Started GET "/api/v1/cabdrivers" for ::1 at 2015-08-21 14:31:17 -0500
Processing by API::V1::CabdriversController#index as JSON
  [1m[36mCabdriver Load (2.5ms)[0m  [1mSELECT  "cabdrivers".* FROM "cabdrivers" LIMIT 25 OFFSET 0[0m
  Rendered inline template (32.5ms)
Completed 200 OK in 63ms (Views: 37.5ms | ActiveRecord: 5.0ms)


Started GET "/api/v1/cabdrivers" for ::1 at 2015-08-21 14:32:16 -0500
Processing by API::V1::CabdriversController#index as JSON
  Rendered inline template (5.0ms)
Completed 200 OK in 38ms (Views: 17.5ms | ActiveRecord: 0.0ms)


Started GET "/api/v1/cabdrivers?state=ocupado" for ::1 at 2015-08-21 14:33:46 -0500
Processing by API::V1::CabdriversController#index as JSON
  Parameters: {"state"=>"ocupado"}
  [1m[35mCabdriver Load (2.5ms)[0m  SELECT  "cabdrivers".* FROM "cabdrivers" WHERE "cabdrivers"."state" = ? LIMIT 25 OFFSET 0  [["state", "ocupado"]]
  Rendered inline template (27.5ms)
Completed 200 OK in 63ms (Views: 35.0ms | ActiveRecord: 5.0ms)


Started GET "/api/v1/cabdrivers?state=ocupado" for ::1 at 2015-08-21 14:34:06 -0500
Processing by API::V1::CabdriversController#index as JSON
  Parameters: {"state"=>"ocupado"}
  [1m[36mCabdriver Load (0.0ms)[0m  [1mSELECT  "cabdrivers".* FROM "cabdrivers" WHERE "cabdrivers"."state" = ? LIMIT 25 OFFSET 0[0m  [["state", "ocupado"]]
  Rendered inline template (10.0ms)
Completed 200 OK in 15ms (Views: 10.0ms | ActiveRecord: 0.0ms)


Started GET "/api/v1/cabdrivers?state=ocupado" for ::1 at 2015-08-21 14:38:12 -0500
Processing by API::V1::CabdriversController#index as JSON
  Parameters: {"state"=>"ocupado"}
  Rendered inline template (5.0ms)
Completed 500 Internal Server Error in 40ms

SyntaxError (inline template:1: syntax error, unexpected '<', expecting keyword_end
...f.output_buffer = xml.target!;<% @cabdrivers.each do |p| %><...
...                               ^
inline template:1: syntax error, unexpected keyword_do, expecting keyword_end
....target!;<% @cabdrivers.each do |p| %><p><%= p.name %></p><p...
...                               ^
inline template:1: syntax error, unexpected tIDENTIFIER, expecting keyword_end
... %><p><%= p.name %></p><p><%= p.cell %></p><p><%= p.state %>...
...                               ^
inline template:1: syntax error, unexpected '<'
... %></p><p><%= p.cell %></p><p><%= p.state %></p><% end %>;xm...
...                               ^
inline template:3: syntax error, unexpected tIDENTIFIER, expecting keyword_end
...tput_buffer = _old_virtual_path, _old_output_buffer
...                               ^
inline template:3: syntax error, unexpected '\n', expecting '='):
  app/controllers/api/v1/cabdrivers_controller.rb:33:in `index'


  Rendered C:/RailsInstaller/Ruby2.0.0/lib/ruby/gems/2.0.0/gems/actionpack-4.2.0/lib/action_dispatch/middleware/templates/rescues/_source.erb (0.0ms)
  Rendered C:/RailsInstaller/Ruby2.0.0/lib/ruby/gems/2.0.0/gems/actionpack-4.2.0/lib/action_dispatch/middleware/templates/rescues/_trace.html.erb (31.2ms)
  Rendered C:/RailsInstaller/Ruby2.0.0/lib/ruby/gems/2.0.0/gems/actionpack-4.2.0/lib/action_dispatch/middleware/templates/rescues/_request_and_response.html.erb (0.0ms)
  Rendered C:/RailsInstaller/Ruby2.0.0/lib/ruby/gems/2.0.0/gems/actionpack-4.2.0/lib/action_dispatch/middleware/templates/rescues/diagnostics.html.erb within rescues/layout (272.1ms)


Started GET "/api/v1/cabdrivers?state=ocupado" for ::1 at 2015-08-21 14:38:17 -0500
Processing by API::V1::CabdriversController#index as JSON
  Parameters: {"state"=>"ocupado"}
  Rendered inline template (2.5ms)
Completed 500 Internal Server Error in 12ms

SyntaxError (inline template:1: syntax error, unexpected '<', expecting keyword_end
...f.output_buffer = xml.target!;<% @cabdrivers.each do |p| %><...
...                               ^
inline template:1: syntax error, unexpected keyword_do, expecting keyword_end
....target!;<% @cabdrivers.each do |p| %><p><%= p.name %></p><p...
...                               ^
inline template:1: syntax error, unexpected tIDENTIFIER, expecting keyword_end
... %><p><%= p.name %></p><p><%= p.cell %></p><p><%= p.state %>...
...                               ^
inline template:1: syntax error, unexpected '<'
... %></p><p><%= p.cell %></p><p><%= p.state %></p><% end %>;xm...
...                               ^
inline template:3: syntax error, unexpected tIDENTIFIER, expecting keyword_end
...tput_buffer = _old_virtual_path, _old_output_buffer
...                               ^
inline template:3: syntax error, unexpected '\n', expecting '='):
  app/controllers/api/v1/cabdrivers_controller.rb:33:in `index'


  Rendered C:/RailsInstaller/Ruby2.0.0/lib/ruby/gems/2.0.0/gems/actionpack-4.2.0/lib/action_dispatch/middleware/templates/rescues/_source.erb (5.0ms)
  Rendered C:/RailsInstaller/Ruby2.0.0/lib/ruby/gems/2.0.0/gems/actionpack-4.2.0/lib/action_dispatch/middleware/templates/rescues/_trace.html.erb (25.0ms)
  Rendered C:/RailsInstaller/Ruby2.0.0/lib/ruby/gems/2.0.0/gems/actionpack-4.2.0/lib/action_dispatch/middleware/templates/rescues/_request_and_response.html.erb (5.0ms)
  Rendered C:/RailsInstaller/Ruby2.0.0/lib/ruby/gems/2.0.0/gems/actionpack-4.2.0/lib/action_dispatch/middleware/templates/rescues/diagnostics.html.erb within rescues/layout (142.5ms)


Started GET "/api/v1/cabdrivers?state=ocupado" for ::1 at 2015-08-21 14:38:46 -0500
Processing by API::V1::CabdriversController#index as JSON
  Parameters: {"state"=>"ocupado"}
  [1m[35mCabdriver Load (2.5ms)[0m  SELECT  "cabdrivers".* FROM "cabdrivers" WHERE "cabdrivers"."state" = ? LIMIT 25 OFFSET 0  [["state", "ocupado"]]
  Rendered inline template (30.0ms)
Completed 200 OK in 65ms (Views: 34.9ms | ActiveRecord: 7.5ms)


Started GET "/api/v1/cabdrivers?state=ocupado" for ::1 at 2015-08-21 14:44:52 -0500
Processing by API::V1::CabdriversController#index as JSON
  Parameters: {"state"=>"ocupado"}
  [1m[36mCabdriver Load (0.0ms)[0m  [1mSELECT "cabdrivers".* FROM "cabdrivers" WHERE "cabdrivers"."state" = ?[0m  [["state", "ocupado"]]
  Rendered inline template (30.0ms)
Completed 200 OK in 68ms (Views: 42.5ms | ActiveRecord: 2.5ms)


Started GET "/api/v1/cabdrivers?state=ocupado" for ::1 at 2015-08-21 14:44:53 -0500
Processing by API::V1::CabdriversController#index as JSON
  Parameters: {"state"=>"ocupado"}
  [1m[35mCabdriver Load (0.0ms)[0m  SELECT "cabdrivers".* FROM "cabdrivers" WHERE "cabdrivers"."state" = ?  [["state", "ocupado"]]
  Rendered inline template (7.5ms)
Completed 200 OK in 13ms (Views: 7.5ms | ActiveRecord: 0.0ms)
